12:41:23 (lmgrd) -----------------------------------------------
12:41:23 (lmgrd)   Please Note:
12:41:23 (lmgrd) 
12:41:23 (lmgrd)   This log is intended for debug purposes only.
12:41:23 (lmgrd)   In order to capture accurate license
12:41:23 (lmgrd)   usage data into an organized repository,
12:41:23 (lmgrd)   please enable report logging. Use Flexera Software, Inc.'s
12:41:23 (lmgrd)   software license administration  solution,
12:41:23 (lmgrd)   FLEXnet Manager, to  readily gain visibility
12:41:23 (lmgrd)   into license usage data and to create
12:41:23 (lmgrd)   insightful reports on critical information like
12:41:23 (lmgrd)   license availability and usage. FLEXnet Manager
12:41:23 (lmgrd)   can be fully automated to run these reports on
12:41:23 (lmgrd)   schedule and can be used to track license
12:41:23 (lmgrd)   servers and usage across a heterogeneous
12:41:23 (lmgrd)   network of servers including Windows NT, Linux
12:41:23 (lmgrd)   and UNIX. Contact Flexera Software, Inc. at
12:41:23 (lmgrd)   www.flexerasoftware.com for more details on how to
12:41:23 (lmgrd)   obtain an evaluation copy of FLEXnet Manager
12:41:23 (lmgrd)   for your enterprise.
12:41:23 (lmgrd) 
12:41:23 (lmgrd) -----------------------------------------------
12:41:23 (lmgrd) 
12:41:23 (lmgrd) 
12:41:23 (lmgrd) pid 2116
12:41:24 (lmgrd) Detecting other license server manager (lmgrd) processes...
12:41:24 (lmgrd) Done rereading
12:41:24 (lmgrd) FLEXnet Licensing (v11.9.0.0 build 87342 x64_n6) started on ors-dlssrv1.ors.nih.gov (IBM PC) (11/7/2014)
12:41:24 (lmgrd) Copyright (c) 1988-2010 Flexera Software, Inc. All Rights Reserved.
12:41:24 (lmgrd) US Patents 5,390,297 and 5,671,412.
12:41:24 (lmgrd) World Wide Web:  http://www.flexerasoftware.com
12:41:24 (lmgrd) License file(s): D:\Bioinformatics\Partek\FLEXnet\license.dat
12:41:24 (lmgrd) lmgrd tcp-port 27000
12:41:24 (lmgrd) Starting vendor daemons ... 
12:41:24 (lmgrd) Started parteklm (pid 2280)
12:41:24 (parteklm) FLEXnet Licensing version v11.9.0.0 build 87342 x64_n6
12:41:24 (parteklm) Server started on ors-dlssrv1.ors.nih.gov for:	base		
12:41:24 (parteklm) disc		pred		infr		
12:41:24 (parteklm) cnct		matk		
12:41:24 (parteklm) EXTERNAL FILTERS are OFF
12:41:24 (lmgrd) parteklm using TCP-port 64966
12:42:11 (parteklm) TCP_NODELAY NOT enabled
15:19:03 (parteklm) OUT: "base" afzalib@NIAMS01696705M
15:19:03 (parteklm) OUT: "matk" afzalib@NIAMS01696705M
17:54:16 (parteklm) OUT: "base" parkh1@DK10R9B05MBP01
17:54:16 (parteklm) OUT: "matk" parkh1@DK10R9B05MBP01
18:30:42 (parteklm) IN: "base" afzalib@NIAMS01696705M
18:30:42 (parteklm) IN: "matk" afzalib@NIAMS01696705M
18:41:28 (lmgrd) TIMESTAMP 11/7/2014
18:44:19 (parteklm) IN: "base" parkh1@DK10R9B05MBP01
18:44:19 (parteklm) IN: "matk" parkh1@DK10R9B05MBP01
18:46:24 (parteklm) TIMESTAMP 11/7/2014
15:05:23 (parteklm) OUT: "base" stommeljm@NCI-01979782-L
15:05:23 (parteklm) OUT: "matk" stommeljm@NCI-01979782-L
15:05:33 (parteklm) IN: "base" stommeljm@NCI-01979782-L
15:05:33 (parteklm) IN: "matk" stommeljm@NCI-01979782-L
17:01:11 (parteklm) OUT: "base" sciumeg@niams01677690l
17:01:11 (parteklm) OUT: "matk" sciumeg@niams01677690l
17:47:16 (parteklm) IN: "base" sciumeg@niams01677690l
17:47:16 (parteklm) IN: "matk" sciumeg@niams01677690l
18:42:01 (lmgrd) TIMESTAMP 11/11/2014
20:06:59 (parteklm) TIMESTAMP 11/11/2014
 0:42:05 (lmgrd) TIMESTAMP 11/12/2014
 2:12:03 (parteklm) TIMESTAMP 11/12/2014
14:59:07 (parteklm) OUT: "base" stommeljm@NCI-01979782-L
14:59:07 (parteklm) OUT: "matk" stommeljm@NCI-01979782-L
15:05:03 (parteklm) IN: "base" stommeljm@NCI-01979782-L
15:05:03 (parteklm) IN: "matk" stommeljm@NCI-01979782-L
15:05:23 (parteklm) OUT: "base" stommeljm@NCI-01979782-L
15:05:23 (parteklm) OUT: "matk" stommeljm@NCI-01979782-L
15:05:33 (parteklm) IN: "base" stommeljm@NCI-01979782-L
15:05:33 (parteklm) IN: "matk" stommeljm@NCI-01979782-L
17:01:11 (parteklm) OUT: "base" sciumeg@niams01677690l
17:01:11 (parteklm) OUT: "matk" sciumeg@niams01677690l
17:47:16 (parteklm) IN: "base" sciumeg@niams01677690l
17:47:16 (parteklm) IN: "matk" sciumeg@niams01677690l
18:42:01 (lmgrd) TIMESTAMP 11/11/2014
20:06:59 (parteklm) TIMESTAMP 11/11/2014
 0:42:05 (lmgrd) TIMESTAMP 11/12/2014
 2:12:03 (parteklm) TIMESTAMP 11/12/2014
 6:42:08 (lmgrd) TIMESTAMP 11/12/2014
 8:17:07 (parteklm) TIMESTAMP 11/12/2014
16:19:19 (parteklm) OUT: "base" sommarivam@CC1TM1N224W12
16:19:20 (parteklm) OUT: "matk" sommarivam@CC1TM1N224W12
16:23:13 (parteklm) OUT: "infr" sommarivam@CC1TM1N224W12
16:30:46 (parteklm) IN: "base" sommarivam@CC1TM1N224W12
16:30:46 (parteklm) IN: "infr" sommarivam@CC1TM1N224W12
16:30:46 (parteklm) IN: "matk" sommarivam@CC1TM1N224W12
17:12:58 (parteklm) IN: "base" degiorgiv@CC1TM1N224W02
17:12:58 (parteklm) IN: "infr" degiorgiv@CC1TM1N224W02
17:12:58 (parteklm) IN: "matk" degiorgiv@CC1TM1N224W02
17:13:11 (parteklm) OUT: "base" degiorgiv@CC1TM1N224W02
17:13:11 (parteklm) OUT: "matk" degiorgiv@CC1TM1N224W02
17:22:55 (parteklm) IN: "base" degiorgiv@CC1TM1N224W02
17:22:55 (parteklm) IN: "matk" degiorgiv@CC1TM1N224W02
18:42:19 (lmgrd) TIMESTAMP 11/13/2014
19:07:59 (parteklm) IN: "base" dzutseva@FR-N-S077649
19:07:59 (parteklm) IN: "matk" dzutseva@FR-N-S077649
20:47:25 (parteklm) TIMESTAMP 11/13/2014