 1:36:24 (parteklm) (@parteklm-SLOG@) Time: Sat Sep 30 2017 01:36:24 UTC
 1:36:24 (parteklm) (@parteklm-SLOG@) Request processing time, when, #concurrent clients, client info (user, node, FD)
 1:36:24 (parteklm) (@parteklm-SLOG@) 00000001 ms at  0:17:57(9/30/2017),#3,(liul108,liul108-QEG8WL,18)
 1:36:24 (parteklm) (@parteklm-SLOG@) 00000000 ms at  0:17:56(9/30/2017),#3,(liul108,liul108-QEG8WL,18)
 1:36:24 (parteklm) (@parteklm-SLOG@) 00000001 ms at  0:17:53(9/30/2017),#3,(liul108,liul108-QEG8WL,18)
 1:36:24 (parteklm) (@parteklm-SLOG@) 00000000 ms at  0:17:53(9/30/2017),#3,(liul108,liul108-QEG8WL,18)
 1:36:24 (parteklm) (@parteklm-SLOG@) 00000000 ms at  0:17:53(9/30/2017),#3,(liul108,liul108-QEG8WL,18)
 1:36:24 (parteklm) (@parteklm-SLOG@) 00000000 ms at  0:17:52(9/30/2017),#3,(liul108,liul108-QEG8WL,18)
 1:36:24 (parteklm) (@parteklm-SLOG@) 00000000 ms at  0:17:52(9/30/2017),#3,(liul108,liul108-QEG8WL,18)
 1:36:24 (parteklm) (@parteklm-SLOG@) 00000000 ms at  0:17:52(9/30/2017),#3,(liul108,liul108-QEG8WL,18)
 1:36:24 (parteklm) (@parteklm-SLOG@) 00000000 ms at  0:17:52(9/30/2017),#3,(liul108,liul108-QEG8WL,18)
 1:36:24 (parteklm) (@parteklm-SLOG@) 00000000 ms at  0:17:52(9/30/2017),#3,(liul108,liul108-QEG8WL,18)
 1:36:24 (parteklm) (@parteklm-SLOG@)
 1:36:24 (parteklm) (@parteklm-SLOG@) === Top 10 Peak Client Requests Processing Time (in ms) ===
 1:36:24 (parteklm) (@parteklm-SLOG@) Time: Sat Sep 30 2017 01:36:24 UTC
 1:36:24 (parteklm) (@parteklm-SLOG@) Request processing time, when, #concurrent clients, client info (user, node, FD)
 1:36:24 (parteklm) (@parteklm-SLOG@) 00000002 ms at 22:42:42(9/30/2017),#7,(luw12,GNELTSU4109TN2,18)
 1:36:24 (parteklm) (@parteklm-SLOG@) 00000001 ms at 17:13:57(9/30/2017),#3,(jlfitz,jlfitz-2PG3QN,18)
 1:36:24 (parteklm) (@parteklm-SLOG@) 00000001 ms at 18:20:08(9/30/2017),#3,(liul108,liul108-QEG8WL,18)
 1:36:24 (parteklm) (@parteklm-SLOG@) 00000001 ms at 18:21:34(9/30/2017),#3,(liul108,liul108-QEG8WL,18)
 1:36:24 (parteklm) (@parteklm-SLOG@) 00000001 ms at 18:30:34(9/30/2017),#3,(liul108,liul108-QEG8WL,18)
 1:36:24 (parteklm) (@parteklm-SLOG@) 00000001 ms at 18:38:04(9/30/2017),#3,(liul108,liul108-QEG8WL,18)
 1:36:24 (parteklm) (@parteklm-SLOG@) 00000001 ms at 18:43:46(9/30/2017),#3,(liul108,liul108-QEG8WL,18)
 1:36:24 (parteklm) (@parteklm-SLOG@) 00000001 ms at 18:46:44(9/30/2017),#3,(liul108,liul108-QEG8WL,18)
 1:36:24 (parteklm) (@parteklm-SLOG@) 00000001 ms at 19:01:34(9/30/2017),#3,(liul108,liul108-QEG8WL,18)
 1:36:24 (parteklm) (@parteklm-SLOG@) 00000001 ms at 19:10:31(9/30/2017),#3,(liul108,liul108-QEG8WL,18)
 1:36:24 (parteklm) (@parteklm-SLOG@)
 1:36:24 (parteklm) (@parteklm-SLOG@) === Top 10 Peak In-house Operations time (in ms) ===
 1:36:24 (parteklm) (@parteklm-SLOG@) NOTE: Peak times greater than 4 seconds get recorded.
 1:36:24 (parteklm) (@parteklm-SLOG@) Time: Sat Sep 30 2017 01:36:24 UTC
 1:36:24 (parteklm) (@parteklm-SLOG@) In-house operation time, when, #concurrent clients
 1:36:24 (parteklm) (@parteklm-SLOG@)
 1:36:24 (parteklm) (@parteklm-SLOG@) === Active Connections Info ===
 1:36:24 (parteklm) (@parteklm-SLOG@) Peak active connections #10 attempted at Thu Sep 28 2017 21:48:12 UTC
 1:36:24 (parteklm) (@parteklm-SLOG@)
 1:36:24 (parteklm) (@parteklm-SLOG@) ===============================================
 5:04:45 (parteklm) TIMESTAMP 9/30/2017
 5:36:27 (parteklm) (@parteklm-SLOG@) ===============================================
 5:36:27 (parteklm) (@parteklm-SLOG@) === Last 10 Client Requests Processing Time (in ms) ===
 5:36:27 (parteklm) (@parteklm-SLOG@) Time: Sat Sep 30 2017 05:36:27 UTC
 5:36:27 (parteklm) (@parteklm-SLOG@) Request processing time, when, #concurrent clients, client info (user, node, FD)
 5:36:27 (parteklm) (@parteklm-SLOG@) 00000001 ms at  0:17:57(9/30/2017),#3,(liul108,liul108-QEG8WL,18)
 5:36:27 (parteklm) (@parteklm-SLOG@) 00000000 ms at  0:17:56(9/30/2017),#3,(liul108,liul108-QEG8WL,18)
 5:36:27 (parteklm) (@parteklm-SLOG@) 00000001 ms at  0:17:53(9/30/2017),#3,(liul108,liul108-QEG8WL,18)
 5:36:27 (parteklm) (@parteklm-SLOG@) 00000000 ms at  0:17:53(9/30/2017),#3,(liul108,liul108-QEG8WL,18)
 5:36:27 (parteklm) (@parteklm-SLOG@) 00000000 ms at  0:17:53(9/30/2017),#3,(liul108,liul108-QEG8WL,18)
 5:36:27 (parteklm) (@parteklm-SLOG@) 00000000 ms at  0:17:52(9/30/2017),#3,(liul108,liul108-QEG8WL,18)
 5:36:27 (parteklm) (@parteklm-SLOG@) 00000000 ms at  0:17:52(9/30/2017),#3,(liul108,liul108-QEG8WL,18)
 5:36:27 (parteklm) (@parteklm-SLOG@) 00000000 ms at  0:17:52(9/30/2017),#3,(liul108,liul108-QEG8WL,18)
 5:36:27 (parteklm) (@parteklm-SLOG@) 00000000 ms at  0:17:52(9/30/2017),#3,(liul108,liul108-QEG8WL,18)
 5:36:27 (parteklm) (@parteklm-SLOG@) 00000000 ms at  0:17:52(9/30/2017),#3,(liul108,liul108-QEG8WL,18)
 5:36:27 (parteklm) (@parteklm-SLOG@)
 5:36:27 (parteklm) (@parteklm-SLOG@) === Top 10 Peak Client Requests Processing Time (in ms) ===
 5:36:27 (parteklm) (@parteklm-SLOG@) Time: Sat Sep 30 2017 05:36:27 UTC
 5:36:27 (parteklm) (@parteklm-SLOG@) Request processing time, when, #concurrent clients, client info (user, node, FD)
 5:36:27 (parteklm) (@parteklm-SLOG@) 00000002 ms at 22:42:42(9/30/2017),#7,(luw12,GNELTSU4109TN2,18)
 5:36:27 (parteklm) (@parteklm-SLOG@) 00000001 ms at 17:13:57(9/30/2017),#3,(jlfitz,jlfitz-2PG3QN,18)
 5:36:27 (parteklm) (@parteklm-SLOG@) 00000001 ms at 18:20:08(9/30/2017),#3,(liul108,liul108-QEG8WL,18)
 5:36:27 (parteklm) (@parteklm-SLOG@) 00000001 ms at 18:21:34(9/30/2017),#3,(liul108,liul108-QEG8WL,18)
 5:36:27 (parteklm) (@parteklm-SLOG@) 00000001 ms at 18:30:34(9/30/2017),#3,(liul108,liul108-QEG8WL,18)
 5:36:27 (parteklm) (@parteklm-SLOG@) 00000001 ms at 18:38:04(9/30/2017),#3,(liul108,liul108-QEG8WL,18)
 5:36:27 (parteklm) (@parteklm-SLOG@) 00000001 ms at 18:43:46(9/30/2017),#3,(liul108,liul108-QEG8WL,18)
 5:36:27 (parteklm) (@parteklm-SLOG@) 00000001 ms at 18:46:44(9/30/2017),#3,(liul108,liul108-QEG8WL,18)
 5:36:27 (parteklm) (@parteklm-SLOG@) 00000001 ms at 19:01:34(9/30/2017),#3,(liul108,liul108-QEG8WL,18)
 5:36:27 (parteklm) (@parteklm-SLOG@) 00000001 ms at 19:10:31(9/30/2017),#3,(liul108,liul108-QEG8WL,18)
 5:36:27 (parteklm) (@parteklm-SLOG@)
 5:36:27 (parteklm) (@parteklm-SLOG@) === Top 10 Peak In-house Operations time (in ms) ===
 5:36:27 (parteklm) (@parteklm-SLOG@) NOTE: Peak times greater than 4 seconds get recorded.
 5:36:27 (parteklm) (@parteklm-SLOG@) Time: Sat Sep 30 2017 05:36:27 UTC
 5:36:27 (parteklm) (@parteklm-SLOG@) In-house operation time, when, #concurrent clients
 5:36:27 (parteklm) (@parteklm-SLOG@)
 5:36:27 (parteklm) (@parteklm-SLOG@) === Active Connections Info ===
 5:36:27 (parteklm) (@parteklm-SLOG@) Peak active connections #10 attempted at Thu Sep 28 2017 21:48:12 UTC
 5:36:27 (parteklm) (@parteklm-SLOG@)
 5:36:27 (parteklm) (@parteklm-SLOG@) ===============================================
 7:33:49 (lmgrd) TIMESTAMP 9/30/2017
 9:36:30 (parteklm) (@parteklm-SLOG@) ===============================================
 9:36:30 (parteklm) (@parteklm-SLOG@) === Last 10 Client Requests Processing Time (in ms) ===
 9:36:30 (parteklm) (@parteklm-SLOG@) Time: Sat Sep 30 2017 09:36:30 UTC
 9:36:30 (parteklm) (@parteklm-SLOG@) Request processing time, when, #concurrent clients, client info (user, node, FD)
 9:36:30 (parteklm) (@parteklm-SLOG@) 00000001 ms at  0:17:57(9/30/2017),#3,(liul108,liul108-QEG8WL,18)
 9:36:30 (parteklm) (@parteklm-SLOG@) 00000000 ms at  0:17:56(9/30/2017),#3,(liul108,liul108-QEG8WL,18)
 9:36:30 (parteklm) (@parteklm-SLOG@) 00000001 ms at  0:17:53(9/30/2017),#3,(liul108,liul108-QEG8WL,18)
 9:36:30 (parteklm) (@parteklm-SLOG@) 00000000 ms at  0:17:53(9/30/2017),#3,(liul108,liul108-QEG8WL,18)
 9:36:30 (parteklm) (@parteklm-SLOG@) 00000000 ms at  0:17:53(9/30/2017),#3,(liul108,liul108-QEG8WL,18)
 9:36:30 (parteklm) (@parteklm-SLOG@) 00000000 ms at  0:17:52(9/30/2017),#3,(liul108,liul108-QEG8WL,18)
 9:36:30 (parteklm) (@parteklm-SLOG@) 00000000 ms at  0:17:52(9/30/2017),#3,(liul108,liul108-QEG8WL,18)
 9:36:30 (parteklm) (@parteklm-SLOG@) 00000000 ms at  0:17:52(9/30/2017),#3,(liul108,liul108-QEG8WL,18)
 9:36:30 (parteklm) (@parteklm-SLOG@) 00000000 ms at  0:17:52(9/30/2017),#3,(liul108,liul108-QEG8WL,18)
 9:36:30 (parteklm) (@parteklm-SLOG@) 00000000 ms at  0:17:52(9/30/2017),#3,(liul108,liul108-QEG8WL,18)
 9:36:30 (parteklm) (@parteklm-SLOG@)
 9:36:30 (parteklm) (@parteklm-SLOG@) === Top 10 Peak Client Requests Processing Time (in ms) ===
 9:36:30 (parteklm) (@parteklm-SLOG@) Time: Sat Sep 30 2017 09:36:30 UTC
 9:36:30 (parteklm) (@parteklm-SLOG@) Request processing time, when, #concurrent clients, client info (user, node, FD)
 9:36:30 (parteklm) (@parteklm-SLOG@) 00000002 ms at 22:42:42(9/30/2017),#7,(luw12,GNELTSU4109TN2,18)
 9:36:30 (parteklm) (@parteklm-SLOG@) 00000001 ms at 17:13:57(9/30/2017),#3,(jlfitz,jlfitz-2PG3QN,18)
 9:36:30 (parteklm) (@parteklm-SLOG@) 00000001 ms at 18:20:08(9/30/2017),#3,(liul108,liul108-QEG8WL,18)
 9:36:30 (parteklm) (@parteklm-SLOG@) 00000001 ms at 18:21:34(9/30/2017),#3,(liul108,liul108-QEG8WL,18)
 9:36:30 (parteklm) (@parteklm-SLOG@) 00000001 ms at 18:30:34(9/30/2017),#3,(liul108,liul108-QEG8WL,18)
 9:36:30 (parteklm) (@parteklm-SLOG@) 00000001 ms at 18:38:04(9/30/2017),#3,(liul108,liul108-QEG8WL,18)
 9:36:30 (parteklm) (@parteklm-SLOG@) 00000001 ms at 18:43:46(9/30/2017),#3,(liul108,liul108-QEG8WL,18)
 9:36:30 (parteklm) (@parteklm-SLOG@) 00000001 ms at 18:46:44(9/30/2017),#3,(liul108,liul108-QEG8WL,18)
 9:36:30 (parteklm) (@parteklm-SLOG@) 00000001 ms at 19:01:34(9/30/2017),#3,(liul108,liul108-QEG8WL,18)
 9:36:30 (parteklm) (@parteklm-SLOG@) 00000001 ms at 19:10:31(9/30/2017),#3,(liul108,liul108-QEG8WL,18)
 9:36:30 (parteklm) (@parteklm-SLOG@)
 9:36:30 (parteklm) (@parteklm-SLOG@) === Top 10 Peak In-house Operations time (in ms) ===
 9:36:30 (parteklm) (@parteklm-SLOG@) NOTE: Peak times greater than 4 seconds get recorded.
 9:36:30 (parteklm) (@parteklm-SLOG@) Time: Sat Sep 30 2017 09:36:30 UTC
 9:36:30 (parteklm) (@parteklm-SLOG@) In-house operation time, when, #concurrent clients
 9:36:30 (parteklm) (@parteklm-SLOG@)
 9:36:30 (parteklm) (@parteklm-SLOG@) === Active Connections Info ===
 9:36:30 (parteklm) (@parteklm-SLOG@) Peak active connections #10 attempted at Thu Sep 28 2017 21:48:12 UTC
 9:36:30 (parteklm) (@parteklm-SLOG@)
 9:36:30 (parteklm) (@parteklm-SLOG@) ===============================================
11:09:45 (parteklm) TIMESTAMP 9/30/2017
13:33:49 (lmgrd) TIMESTAMP 9/30/2017
13:36:34 (parteklm) (@parteklm-SLOG@) ===============================================
13:36:34 (parteklm) (@parteklm-SLOG@) === Last 10 Client Requests Processing Time (in ms) ===
13:36:34 (parteklm) (@parteklm-SLOG@) Time: Sat Sep 30 2017 13:36:34 UTC
13:36:34 (parteklm) (@parteklm-SLOG@) Request processing time, when, #concurrent clients, client info (user, node, FD)
13:36:34 (parteklm) (@parteklm-SLOG@) 00000001 ms at  0:17:57(9/30/2017),#3,(liul108,liul108-QEG8WL,18)
13:36:34 (parteklm) (@parteklm-SLOG@) 00000000 ms at  0:17:56(9/30/2017),#3,(liul108,liul108-QEG8WL,18)
13:36:34 (parteklm) (@parteklm-SLOG@) 00000001 ms at  0:17:53(9/30/2017),#3,(liul108,liul108-QEG8WL,18)
13:36:34 (parteklm) (@parteklm-SLOG@) 00000000 ms at  0:17:53(9/30/2017),#3,(liul108,liul108-QEG8WL,18)
13:36:34 (parteklm) (@parteklm-SLOG@) 00000000 ms at  0:17:53(9/30/2017),#3,(liul108,liul108-QEG8WL,18)
13:36:34 (parteklm) (@parteklm-SLOG@) 00000000 ms at  0:17:52(9/30/2017),#3,(liul108,liul108-QEG8WL,18)
13:36:34 (parteklm) (@parteklm-SLOG@) 00000000 ms at  0:17:52(9/30/2017),#3,(liul108,liul108-QEG8WL,18)
13:36:34 (parteklm) (@parteklm-SLOG@) 00000000 ms at  0:17:52(9/30/2017),#3,(liul108,liul108-QEG8WL,18)
13:36:34 (parteklm) (@parteklm-SLOG@) 00000000 ms at  0:17:52(9/30/2017),#3,(liul108,liul108-QEG8WL,18)
13:36:34 (parteklm) (@parteklm-SLOG@) 00000000 ms at  0:17:52(9/30/2017),#3,(liul108,liul108-QEG8WL,18)
13:36:34 (parteklm) (@parteklm-SLOG@)
13:36:34 (parteklm) (@parteklm-SLOG@) === Top 10 Peak Client Requests Processing Time (in ms) ===
13:36:34 (parteklm) (@parteklm-SLOG@) Time: Sat Sep 30 2017 13:36:34 UTC
13:36:34 (parteklm) (@parteklm-SLOG@) Request processing time, when, #concurrent clients, client info (user, node, FD)
13:36:34 (parteklm) (@parteklm-SLOG@) 00000002 ms at 22:42:42(9/30/2017),#7,(luw12,GNELTSU4109TN2,18)
13:36:34 (parteklm) (@parteklm-SLOG@) 00000001 ms at 17:13:57(9/30/2017),#3,(jlfitz,jlfitz-2PG3QN,18)
13:36:34 (parteklm) (@parteklm-SLOG@) 00000001 ms at 18:20:08(9/30/2017),#3,(liul108,liul108-QEG8WL,18)
13:36:34 (parteklm) (@parteklm-SLOG@) 00000001 ms at 18:21:34(9/30/2017),#3,(liul108,liul108-QEG8WL,18)
13:36:34 (parteklm) (@parteklm-SLOG@) 00000001 ms at 18:30:34(9/30/2017),#3,(liul108,liul108-QEG8WL,18)
13:36:34 (parteklm) (@parteklm-SLOG@) 00000001 ms at 18:38:04(9/30/2017),#3,(liul108,liul108-QEG8WL,18)
13:36:34 (parteklm) (@parteklm-SLOG@) 00000001 ms at 18:43:46(9/30/2017),#3,(liul108,liul108-QEG8WL,18)
13:36:34 (parteklm) (@parteklm-SLOG@) 00000001 ms at 18:46:44(9/30/2017),#3,(liul108,liul108-QEG8WL,18)
13:36:34 (parteklm) (@parteklm-SLOG@) 00000001 ms at 19:01:34(9/30/2017),#3,(liul108,liul108-QEG8WL,18)
13:36:34 (parteklm) (@parteklm-SLOG@) 00000001 ms at 19:10:31(9/30/2017),#3,(liul108,liul108-QEG8WL,18)
13:36:34 (parteklm) (@parteklm-SLOG@)
13:36:34 (parteklm) (@parteklm-SLOG@) === Top 10 Peak In-house Operations time (in ms) ===
13:36:34 (parteklm) (@parteklm-SLOG@) NOTE: Peak times greater than 4 seconds get recorded.
13:36:34 (parteklm) (@parteklm-SLOG@) Time: Sat Sep 30 2017 13:36:34 UTC
13:36:34 (parteklm) (@parteklm-SLOG@) In-house operation time, when, #concurrent clients
13:36:34 (parteklm) (@parteklm-SLOG@)
13:36:34 (parteklm) (@parteklm-SLOG@) === Active Connections Info ===
13:36:34 (parteklm) (@parteklm-SLOG@) Peak active connections #10 attempted at Thu Sep 28 2017 21:48:12 UTC
13:36:34 (parteklm) (@parteklm-SLOG@)
13:36:34 (parteklm) (@parteklm-SLOG@) ===============================================
17:14:46 (parteklm) TIMESTAMP 9/30/2017
17:36:37 (parteklm) (@parteklm-SLOG@) ===============================================
17:36:37 (parteklm) (@parteklm-SLOG@) === Last 10 Client Requests Processing Time (in ms) ===
17:36:37 (parteklm) (@parteklm-SLOG@) Time: Sat Sep 30 2017 17:36:37 UTC
17:36:37 (parteklm) (@parteklm-SLOG@) Request processing time, when, #concurrent clients, client info (user, node, FD)
17:36:37 (parteklm) (@parteklm-SLOG@) 00000001 ms at  0:17:57(9/30/2017),#3,(liul108,liul108-QEG8WL,18)
17:36:37 (parteklm) (@parteklm-SLOG@) 00000000 ms at  0:17:56(9/30/2017),#3,(liul108,liul108-QEG8WL,18)
17:36:37 (parteklm) (@parteklm-SLOG@) 00000001 ms at  0:17:53(9/30/2017),#3,(liul108,liul108-QEG8WL,18)
17:36:37 (parteklm) (@parteklm-SLOG@) 00000000 ms at  0:17:53(9/30/2017),#3,(liul108,liul108-QEG8WL,18)
17:36:37 (parteklm) (@parteklm-SLOG@) 00000000 ms at  0:17:53(9/30/2017),#3,(liul108,liul108-QEG8WL,18)
17:36:37 (parteklm) (@parteklm-SLOG@) 00000000 ms at  0:17:52(9/30/2017),#3,(liul108,liul108-QEG8WL,18)
17:36:37 (parteklm) (@parteklm-SLOG@) 00000000 ms at  0:17:52(9/30/2017),#3,(liul108,liul108-QEG8WL,18)
17:36:37 (parteklm) (@parteklm-SLOG@) 00000000 ms at  0:17:52(9/30/2017),#3,(liul108,liul108-QEG8WL,18)
17:36:37 (parteklm) (@parteklm-SLOG@) 00000000 ms at  0:17:52(9/30/2017),#3,(liul108,liul108-QEG8WL,18)
17:36:37 (parteklm) (@parteklm-SLOG@) 00000000 ms at  0:17:52(9/30/2017),#3,(liul108,liul108-QEG8WL,18)
17:36:37 (parteklm) (@parteklm-SLOG@)
17:36:37 (parteklm) (@parteklm-SLOG@) === Top 10 Peak Client Requests Processing Time (in ms) ===
17:36:37 (parteklm) (@parteklm-SLOG@) Time: Sat Sep 30 2017 17:36:37 UTC
17:36:37 (parteklm) (@parteklm-SLOG@) Request processing time, when, #concurrent clients, client info (user, node, FD)
17:36:37 (parteklm) (@parteklm-SLOG@) 00000002 ms at 22:42:42(9/30/2017),#7,(luw12,GNELTSU4109TN2,18)
17:36:37 (parteklm) (@parteklm-SLOG@) 00000001 ms at 17:13:57(9/30/2017),#3,(jlfitz,jlfitz-2PG3QN,18)
17:36:37 (parteklm) (@parteklm-SLOG@) 00000001 ms at 18:20:08(9/30/2017),#3,(liul108,liul108-QEG8WL,18)
17:36:37 (parteklm) (@parteklm-SLOG@) 00000001 ms at 18:21:34(9/30/2017),#3,(liul108,liul108-QEG8WL,18)
17:36:37 (parteklm) (@parteklm-SLOG@) 00000001 ms at 18:30:34(9/30/2017),#3,(liul108,liul108-QEG8WL,18)
17:36:37 (parteklm) (@parteklm-SLOG@) 00000001 ms at 18:38:04(9/30/2017),#3,(liul108,liul108-QEG8WL,18)
17:36:37 (parteklm) (@parteklm-SLOG@) 00000001 ms at 18:43:46(9/30/2017),#3,(liul108,liul108-QEG8WL,18)
17:36:37 (parteklm) (@parteklm-SLOG@) 00000001 ms at 18:46:44(9/30/2017),#3,(liul108,liul108-QEG8WL,18)
17:36:37 (parteklm) (@parteklm-SLOG@) 00000001 ms at 19:01:34(9/30/2017),#3,(liul108,liul108-QEG8WL,18)
17:36:37 (parteklm) (@parteklm-SLOG@) 00000001 ms at 19:10:31(9/30/2017),#3,(liul108,liul108-QEG8WL,18)
17:36:37 (parteklm) (@parteklm-SLOG@)
17:36:37 (parteklm) (@parteklm-SLOG@) === Top 10 Peak In-house Operations time (in ms) ===
17:36:37 (parteklm) (@parteklm-SLOG@) NOTE: Peak times greater than 4 seconds get recorded.
17:36:37 (parteklm) (@parteklm-SLOG@) Time: Sat Sep 30 2017 17:36:37 UTC
17:36:37 (parteklm) (@parteklm-SLOG@) In-house operation time, when, #concurrent clients
17:36:37 (parteklm) (@parteklm-SLOG@)
17:36:37 (parteklm) (@parteklm-SLOG@) === Active Connections Info ===
17:36:37 (parteklm) (@parteklm-SLOG@) Peak active connections #10 attempted at Thu Sep 28 2017 21:48:12 UTC
17:36:37 (parteklm) (@parteklm-SLOG@)
17:36:37 (parteklm) (@parteklm-SLOG@) ===============================================
19:33:49 (lmgrd) TIMESTAMP 9/30/2017
21:36:41 (parteklm) (@parteklm-SLOG@) ===============================================
21:36:41 (parteklm) (@parteklm-SLOG@) === Last 10 Client Requests Processing Time (in ms) ===
21:36:41 (parteklm) (@parteklm-SLOG@) Time: Sat Sep 30 2017 21:36:41 UTC
21:36:41 (parteklm) (@parteklm-SLOG@) Request processing time, when, #concurrent clients, client info (user, node, FD)
21:36:41 (parteklm) (@parteklm-SLOG@) 00000001 ms at  0:17:57(9/30/2017),#3,(liul108,liul108-QEG8WL,18)
21:36:41 (parteklm) (@parteklm-SLOG@) 00000000 ms at  0:17:56(9/30/2017),#3,(liul108,liul108-QEG8WL,18)
21:36:41 (parteklm) (@parteklm-SLOG@) 00000001 ms at  0:17:53(9/30/2017),#3,(liul108,liul108-QEG8WL,18)
21:36:41 (parteklm) (@parteklm-SLOG@) 00000000 ms at  0:17:53(9/30/2017),#3,(liul108,liul108-QEG8WL,18)
21:36:41 (parteklm) (@parteklm-SLOG@) 00000000 ms at  0:17:53(9/30/2017),#3,(liul108,liul108-QEG8WL,18)
21:36:41 (parteklm) (@parteklm-SLOG@) 00000000 ms at  0:17:52(9/30/2017),#3,(liul108,liul108-QEG8WL,18)
21:36:41 (parteklm) (@parteklm-SLOG@) 00000000 ms at  0:17:52(9/30/2017),#3,(liul108,liul108-QEG8WL,18)
21:36:41 (parteklm) (@parteklm-SLOG@) 00000000 ms at  0:17:52(9/30/2017),#3,(liul108,liul108-QEG8WL,18)
21:36:41 (parteklm) (@parteklm-SLOG@) 00000000 ms at  0:17:52(9/30/2017),#3,(liul108,liul108-QEG8WL,18)
21:36:41 (parteklm) (@parteklm-SLOG@) 00000000 ms at  0:17:52(9/30/2017),#3,(liul108,liul108-QEG8WL,18)
21:36:41 (parteklm) (@parteklm-SLOG@)
21:36:41 (parteklm) (@parteklm-SLOG@) === Top 10 Peak Client Requests Processing Time (in ms) ===
21:36:41 (parteklm) (@parteklm-SLOG@) Time: Sat Sep 30 2017 21:36:41 UTC
21:36:41 (parteklm) (@parteklm-SLOG@) Request processing time, when, #concurrent clients, client info (user, node, FD)
21:36:41 (parteklm) (@parteklm-SLOG@) 00000002 ms at 22:42:42(9/30/2017),#7,(luw12,GNELTSU4109TN2,18)
21:36:41 (parteklm) (@parteklm-SLOG@) 00000001 ms at 17:13:57(9/30/2017),#3,(jlfitz,jlfitz-2PG3QN,18)
21:36:41 (parteklm) (@parteklm-SLOG@) 00000001 ms at 18:20:08(9/30/2017),#3,(liul108,liul108-QEG8WL,18)
21:36:41 (parteklm) (@parteklm-SLOG@) 00000001 ms at 18:21:34(9/30/2017),#3,(liul108,liul108-QEG8WL,18)
21:36:41 (parteklm) (@parteklm-SLOG@) 00000001 ms at 18:30:34(9/30/2017),#3,(liul108,liul108-QEG8WL,18)
21:36:41 (parteklm) (@parteklm-SLOG@) 00000001 ms at 18:38:04(9/30/2017),#3,(liul108,liul108-QEG8WL,18)
21:36:41 (parteklm) (@parteklm-SLOG@) 00000001 ms at 18:43:46(9/30/2017),#3,(liul108,liul108-QEG8WL,18)
21:36:41 (parteklm) (@parteklm-SLOG@) 00000001 ms at 18:46:44(9/30/2017),#3,(liul108,liul108-QEG8WL,18)
21:36:41 (parteklm) (@parteklm-SLOG@) 00000001 ms at 19:01:34(9/30/2017),#3,(liul108,liul108-QEG8WL,18)
21:36:41 (parteklm) (@parteklm-SLOG@) 00000001 ms at 19:10:31(9/30/2017),#3,(liul108,liul108-QEG8WL,18)
21:36:41 (parteklm) (@parteklm-SLOG@)
21:36:41 (parteklm) (@parteklm-SLOG@) === Top 10 Peak In-house Operations time (in ms) ===
21:36:41 (parteklm) (@parteklm-SLOG@) NOTE: Peak times greater than 4 seconds get recorded.
21:36:41 (parteklm) (@parteklm-SLOG@) Time: Sat Sep 30 2017 21:36:41 UTC
21:36:41 (parteklm) (@parteklm-SLOG@) In-house operation time, when, #concurrent clients
21:36:41 (parteklm) (@parteklm-SLOG@)
21:36:41 (parteklm) (@parteklm-SLOG@) === Active Connections Info ===
21:36:41 (parteklm) (@parteklm-SLOG@) Peak active connections #10 attempted at Thu Sep 28 2017 21:48:12 UTC
21:36:41 (parteklm) (@parteklm-SLOG@)
21:36:41 (parteklm) (@parteklm-SLOG@) ===============================================
23:19:47 (parteklm) TIMESTAMP 9/30/2017
 1:30:26 (parteklm) OUT: "base" lus14@GNELTSG51525RB
 1:30:27 (parteklm) OUT: "matk" lus14@GNELTSG51525RB
 1:33:49 (lmgrd) TIMESTAMP 10/1/2017
 1:36:42 (parteklm) (@parteklm-SLOG@) ===============================================
 1:36:42 (parteklm) (@parteklm-SLOG@) === Last 10 Client Requests Processing Time (in ms) ===
 1:36:42 (parteklm) (@parteklm-SLOG@) Time: Sun Oct 01 2017 01:36:42 UTC
 1:36:42 (parteklm) (@parteklm-SLOG@) Request processing time, when, #concurrent clients, client info (user, node, FD)
 1:36:42 (parteklm) (@parteklm-SLOG@) 00000000 ms at  1:36:27(10/1/2017),#3,(lus14,GNELTSG51525RB,18)
 1:36:42 (parteklm) (@parteklm-SLOG@) 00000000 ms at  1:35:40(10/1/2017),#3,(lus14,GNELTSG51525RB,18)
 1:36:42 (parteklm) (@parteklm-SLOG@) 00000000 ms at  1:34:57(10/1/2017),#3,(lus14,GNELTSG51525RB,18)
 1:36:42 (parteklm) (@parteklm-SLOG@) 00000000 ms at  1:34:10(10/1/2017),#3,(lus14,GNELTSG51525RB,18)
 1:36:42 (parteklm) (@parteklm-SLOG@) 00000000 ms at  1:33:27(10/1/2017),#3,(lus14,GNELTSG51525RB,18)
 1:36:42 (parteklm) (@parteklm-SLOG@) 00000000 ms at  1:32:40(10/1/2017),#3,(lus14,GNELTSG51525RB,18)
 1:36:42 (parteklm) (@parteklm-SLOG@) 00000000 ms at  1:31:57(10/1/2017),#3,(lus14,GNELTSG51525RB,18)
 1:36:42 (parteklm) (@parteklm-SLOG@) 00000000 ms at  1:31:10(10/1/2017),#3,(lus14,GNELTSG51525RB,18)
 1:36:42 (parteklm) (@parteklm-SLOG@) 00000000 ms at  1:30:27(10/1/2017),#3,(lus14,GNELTSG51525RB,18)
 1:36:42 (parteklm) (@parteklm-SLOG@) 00000000 ms at  1:30:27(10/1/2017),#3,(lus14,GNELTSG51525RB,18)
 1:36:42 (parteklm) (@parteklm-SLOG@)
 1:36:42 (parteklm) (@parteklm-SLOG@) === Top 10 Peak Client Requests Processing Time (in ms) ===
 1:36:42 (parteklm) (@parteklm-SLOG@) Time: Sun Oct 01 2017 01:36:42 UTC
 1:36:42 (parteklm) (@parteklm-SLOG@) Request processing time, when, #concurrent clients, client info (user, node, FD)
 1:36:42 (parteklm) (@parteklm-SLOG@) 00000002 ms at 22:42:42(10/1/2017),#7,(luw12,GNELTSU4109TN2,18)
 1:36:42 (parteklm) (@parteklm-SLOG@) 00000001 ms at 17:13:57(10/1/2017),#3,(jlfitz,jlfitz-2PG3QN,18)
 1:36:42 (parteklm) (@parteklm-SLOG@) 00000001 ms at 18:20:08(10/1/2017),#3,(liul108,liul108-QEG8WL,18)
 1:36:42 (parteklm) (@parteklm-SLOG@) 00000001 ms at 18:21:34(10/1/2017),#3,(liul108,liul108-QEG8WL,18)
 1:36:42 (parteklm) (@parteklm-SLOG@) 00000001 ms at 18:30:34(10/1/2017),#3,(liul108,liul108-QEG8WL,18)
 1:36:42 (parteklm) (@parteklm-SLOG@) 00000001 ms at 18:38:04(10/1/2017),#3,(liul108,liul108-QEG8WL,18)
 1:36:42 (parteklm) (@parteklm-SLOG@) 00000001 ms at 18:43:46(10/1/2017),#3,(liul108,liul108-QEG8WL,18)
 1:36:42 (parteklm) (@parteklm-SLOG@) 00000001 ms at 18:46:44(10/1/2017),#3,(liul108,liul108-QEG8WL,18)
 1:36:42 (parteklm) (@parteklm-SLOG@) 00000001 ms at 19:01:34(10/1/2017),#3,(liul108,liul108-QEG8WL,18)
 1:36:42 (parteklm) (@parteklm-SLOG@) 00000001 ms at 19:10:31(10/1/2017),#3,(liul108,liul108-QEG8WL,18)
 1:36:42 (parteklm) (@parteklm-SLOG@)
 1:36:42 (parteklm) (@parteklm-SLOG@) === Top 10 Peak In-house Operations time (in ms) ===
 1:36:42 (parteklm) (@parteklm-SLOG@) NOTE: Peak times greater than 4 seconds get recorded.
 1:36:42 (parteklm) (@parteklm-SLOG@) Time: Sun Oct 01 2017 01:36:42 UTC
 1:36:42 (parteklm) (@parteklm-SLOG@) In-house operation time, when, #concurrent clients
 1:36:42 (parteklm) (@parteklm-SLOG@)
 1:36:42 (parteklm) (@parteklm-SLOG@) === Active Connections Info ===
 1:36:42 (parteklm) (@parteklm-SLOG@) Peak active connections #10 attempted at Thu Sep 28 2017 21:48:12 UTC
 1:36:42 (parteklm) (@parteklm-SLOG@)
 1:36:42 (parteklm) (@parteklm-SLOG@) ===============================================
 5:24:47 (parteklm) TIMESTAMP 10/1/2017
 5:36:42 (parteklm) (@parteklm-SLOG@) ===============================================
 5:36:42 (parteklm) (@parteklm-SLOG@) === Last 10 Client Requests Processing Time (in ms) ===
 5:36:42 (parteklm) (@parteklm-SLOG@) Time: Sun Oct 01 2017 05:36:42 UTC
 5:36:42 (parteklm) (@parteklm-SLOG@) Request processing time, when, #concurrent clients, client info (user, node, FD)
 5:36:42 (parteklm) (@parteklm-SLOG@) 00000000 ms at  5:36:27(10/1/2017),#3,(lus14,GNELTSG51525RB,18)
 5:36:42 (parteklm) (@parteklm-SLOG@) 00000000 ms at  5:35:39(10/1/2017),#3,(lus14,GNELTSG51525RB,18)
 5:36:42 (parteklm) (@parteklm-SLOG@) 00000000 ms at  5:34:57(10/1/2017),#3,(lus14,GNELTSG51525RB,18)
 5:36:42 (parteklm) (@parteklm-SLOG@) 00000000 ms at  5:34:09(10/1/2017),#3,(lus14,GNELTSG51525RB,18)
 5:36:42 (parteklm) (@parteklm-SLOG@) 00000000 ms at  5:33:27(10/1/2017),#3,(lus14,GNELTSG51525RB,18)
 5:36:42 (parteklm) (@parteklm-SLOG@) 00000000 ms at  5:32:39(10/1/2017),#3,(lus14,GNELTSG51525RB,18)
 5:36:42 (parteklm) (@parteklm-SLOG@) 00000000 ms at  5:31:57(10/1/2017),#3,(lus14,GNELTSG51525RB,18)
 5:36:42 (parteklm) (@parteklm-SLOG@) 00000000 ms at  5:31:09(10/1/2017),#3,(lus14,GNELTSG51525RB,18)
 5:36:42 (parteklm) (@parteklm-SLOG@) 00000000 ms at  5:30:27(10/1/2017),#3,(lus14,GNELTSG51525RB,18)
 5:36:42 (parteklm) (@parteklm-SLOG@) 00000000 ms at  5:29:39(10/1/2017),#3,(lus14,GNELTSG51525RB,18)
 5:36:42 (parteklm) (@parteklm-SLOG@)
 5:36:42 (parteklm) (@parteklm-SLOG@) === Top 10 Peak Client Requests Processing Time (in ms) ===
 5:36:42 (parteklm) (@parteklm-SLOG@) Time: Sun Oct 01 2017 05:36:42 UTC
 5:36:42 (parteklm) (@parteklm-SLOG@) Request processing time, when, #concurrent clients, client info (user, node, FD)
 5:36:42 (parteklm) (@parteklm-SLOG@) 00000002 ms at 22:42:42(10/1/2017),#7,(luw12,GNELTSU4109TN2,18)
 5:36:42 (parteklm) (@parteklm-SLOG@) 00000001 ms at 17:13:57(10/1/2017),#3,(jlfitz,jlfitz-2PG3QN,18)
 5:36:42 (parteklm) (@parteklm-SLOG@) 00000001 ms at 18:20:08(10/1/2017),#3,(liul108,liul108-QEG8WL,18)
 5:36:42 (parteklm) (@parteklm-SLOG@) 00000001 ms at 18:21:34(10/1/2017),#3,(liul108,liul108-QEG8WL,18)
 5:36:42 (parteklm) (@parteklm-SLOG@) 00000001 ms at 18:30:34(10/1/2017),#3,(liul108,liul108-QEG8WL,18)
 5:36:42 (parteklm) (@parteklm-SLOG@) 00000001 ms at 18:38:04(10/1/2017),#3,(liul108,liul108-QEG8WL,18)
 5:36:42 (parteklm) (@parteklm-SLOG@) 00000001 ms at 18:43:46(10/1/2017),#3,(liul108,liul108-QEG8WL,18)
 5:36:42 (parteklm) (@parteklm-SLOG@) 00000001 ms at 18:46:44(10/1/2017),#3,(liul108,liul108-QEG8WL,18)
 5:36:42 (parteklm) (@parteklm-SLOG@) 00000001 ms at 19:01:34(10/1/2017),#3,(liul108,liul108-QEG8WL,18)
 5:36:42 (parteklm) (@parteklm-SLOG@) 00000001 ms at 19:10:31(10/1/2017),#3,(liul108,liul108-QEG8WL,18)
 5:36:42 (parteklm) (@parteklm-SLOG@)
 5:36:42 (parteklm) (@parteklm-SLOG@) === Top 10 Peak In-house Operations time (in ms) ===
 5:36:42 (parteklm) (@parteklm-SLOG@) NOTE: Peak times greater than 4 seconds get recorded.
 5:36:42 (parteklm) (@parteklm-SLOG@) Time: Sun Oct 01 2017 05:36:42 UTC
 5:36:42 (parteklm) (@parteklm-SLOG@) In-house operation time, when, #concurrent clients
 5:36:42 (parteklm) (@parteklm-SLOG@)
 5:36:42 (parteklm) (@parteklm-SLOG@) === Active Connections Info ===
 5:36:42 (parteklm) (@parteklm-SLOG@) Peak active connections #10 attempted at Thu Sep 28 2017 21:48:12 UTC
 5:36:42 (parteklm) (@parteklm-SLOG@)
 5:36:42 (parteklm) (@parteklm-SLOG@) ===============================================
 7:33:49 (lmgrd) TIMESTAMP 10/1/2017
 9:36:46 (parteklm) (@parteklm-SLOG@) ===============================================
 9:36:46 (parteklm) (@parteklm-SLOG@) === Last 10 Client Requests Processing Time (in ms) ===
 9:36:46 (parteklm) (@parteklm-SLOG@) Time: Sun Oct 01 2017 09:36:46 UTC
 9:36:46 (parteklm) (@parteklm-SLOG@) Request processing time, when, #concurrent clients, client info (user, node, FD)
 9:36:46 (parteklm) (@parteklm-SLOG@) 00000000 ms at  9:36:26(10/1/2017),#3,(lus14,GNELTSG51525RB,18)
 9:36:46 (parteklm) (@parteklm-SLOG@) 00000000 ms at  9:35:39(10/1/2017),#3,(lus14,GNELTSG51525RB,18)
 9:36:46 (parteklm) (@parteklm-SLOG@) 00000000 ms at  9:34:56(10/1/2017),#3,(lus14,GNELTSG51525RB,18)
 9:36:46 (parteklm) (@parteklm-SLOG@) 00000000 ms at  9:34:10(10/1/2017),#3,(lus14,GNELTSG51525RB,18)
 9:36:46 (parteklm) (@parteklm-SLOG@) 00000000 ms at  9:33:27(10/1/2017),#3,(lus14,GNELTSG51525RB,18)
 9:36:46 (parteklm) (@parteklm-SLOG@) 00000000 ms at  9:32:39(10/1/2017),#3,(lus14,GNELTSG51525RB,18)
 9:36:46 (parteklm) (@parteklm-SLOG@) 00000000 ms at  9:31:56(10/1/2017),#3,(lus14,GNELTSG51525RB,18)
 9:36:46 (parteklm) (@parteklm-SLOG@) 00000000 ms at  9:31:09(10/1/2017),#3,(lus14,GNELTSG51525RB,18)
 9:36:46 (parteklm) (@parteklm-SLOG@) 00000000 ms at  9:30:26(10/1/2017),#3,(lus14,GNELTSG51525RB,18)
 9:36:46 (parteklm) (@parteklm-SLOG@) 00000000 ms at  9:29:39(10/1/2017),#3,(lus14,GNELTSG51525RB,18)
 9:36:46 (parteklm) (@parteklm-SLOG@)
 9:36:46 (parteklm) (@parteklm-SLOG@) === Top 10 Peak Client Requests Processing Time (in ms) ===
 9:36:46 (parteklm) (@parteklm-SLOG@) Time: Sun Oct 01 2017 09:36:46 UTC
 9:36:46 (parteklm) (@parteklm-SLOG@) Request processing time, when, #concurrent clients, client info (user, node, FD)
 9:36:46 (parteklm) (@parteklm-SLOG@) 00000002 ms at 22:42:42(10/1/2017),#7,(luw12,GNELTSU4109TN2,18)
 9:36:46 (parteklm) (@parteklm-SLOG@) 00000001 ms at 17:13:57(10/1/2017),#3,(jlfitz,jlfitz-2PG3QN,18)
 9:36:46 (parteklm) (@parteklm-SLOG@) 00000001 ms at 18:20:08(10/1/2017),#3,(liul108,liul108-QEG8WL,18)
 9:36:46 (parteklm) (@parteklm-SLOG@) 00000001 ms at 18:21:34(10/1/2017),#3,(liul108,liul108-QEG8WL,18)
 9:36:46 (parteklm) (@parteklm-SLOG@) 00000001 ms at 18:30:34(10/1/2017),#3,(liul108,liul108-QEG8WL,18)
 9:36:46 (parteklm) (@parteklm-SLOG@) 00000001 ms at 18:38:04(10/1/2017),#3,(liul108,liul108-QEG8WL,18)
 9:36:46 (parteklm) (@parteklm-SLOG@) 00000001 ms at 18:43:46(10/1/2017),#3,(liul108,liul108-QEG8WL,18)
 9:36:46 (parteklm) (@parteklm-SLOG@) 00000001 ms at 18:46:44(10/1/2017),#3,(liul108,liul108-QEG8WL,18)
 9:36:46 (parteklm) (@parteklm-SLOG@) 00000001 ms at 19:01:34(10/1/2017),#3,(liul108,liul108-QEG8WL,18)
 9:36:46 (parteklm) (@parteklm-SLOG@) 00000001 ms at 19:10:31(10/1/2017),#3,(liul108,liul108-QEG8WL,18)
 9:36:46 (parteklm) (@parteklm-SLOG@)
 9:36:46 (parteklm) (@parteklm-SLOG@) === Top 10 Peak In-house Operations time (in ms) ===
 9:36:46 (parteklm) (@parteklm-SLOG@) NOTE: Peak times greater than 4 seconds get recorded.
 9:36:46 (parteklm) (@parteklm-SLOG@) Time: Sun Oct 01 2017 09:36:46 UTC
 9:36:46 (parteklm) (@parteklm-SLOG@) In-house operation time, when, #concurrent clients
 9:36:46 (parteklm) (@parteklm-SLOG@)
 9:36:46 (parteklm) (@parteklm-SLOG@) === Active Connections Info ===
 9:36:46 (parteklm) (@parteklm-SLOG@) Peak active connections #10 attempted at Thu Sep 28 2017 21:48:12 UTC
 9:36:46 (parteklm) (@parteklm-SLOG@)
 9:36:46 (parteklm) (@parteklm-SLOG@) ===============================================
11:29:49 (parteklm) TIMESTAMP 10/1/2017
13:33:49 (lmgrd) TIMESTAMP 10/1/2017
13:36:47 (parteklm) (@parteklm-SLOG@) ===============================================
13:36:47 (parteklm) (@parteklm-SLOG@) === Last 10 Client Requests Processing Time (in ms) ===
13:36:47 (parteklm) (@parteklm-SLOG@) Time: Sun Oct 01 2017 13:36:47 UTC
13:36:47 (parteklm) (@parteklm-SLOG@) Request processing time, when, #concurrent clients, client info (user, node, FD)
13:36:47 (parteklm) (@parteklm-SLOG@) 00000000 ms at 13:36:27(10/1/2017),#3,(lus14,GNELTSG51525RB,18)
13:36:47 (parteklm) (@parteklm-SLOG@) 00000000 ms at 13:35:39(10/1/2017),#3,(lus14,GNELTSG51525RB,18)
13:36:47 (parteklm) (@parteklm-SLOG@) 00000000 ms at 13:34:56(10/1/2017),#3,(lus14,GNELTSG51525RB,18)
13:36:47 (parteklm) (@parteklm-SLOG@) 00000000 ms at 13:34:09(10/1/2017),#3,(lus14,GNELTSG51525RB,18)
13:36:47 (parteklm) (@parteklm-SLOG@) 00000000 ms at 13:33:26(10/1/2017),#3,(lus14,GNELTSG51525RB,18)
13:36:47 (parteklm) (@parteklm-SLOG@) 00000000 ms at 13:32:39(10/1/2017),#3,(lus14,GNELTSG51525RB,18)
13:36:47 (parteklm) (@parteklm-SLOG@) 00000000 ms at 13:31:56(10/1/2017),#3,(lus14,GNELTSG51525RB,18)
13:36:47 (parteklm) (@parteklm-SLOG@) 00000000 ms at 13:31:09(10/1/2017),#3,(lus14,GNELTSG51525RB,18)
13:36:47 (parteklm) (@parteklm-SLOG@) 00000000 ms at 13:30:26(10/1/2017),#3,(lus14,GNELTSG51525RB,18)
13:36:47 (parteklm) (@parteklm-SLOG@) 00000000 ms at 13:29:39(10/1/2017),#3,(lus14,GNELTSG51525RB,18)
13:36:47 (parteklm) (@parteklm-SLOG@)
13:36:47 (parteklm) (@parteklm-SLOG@) === Top 10 Peak Client Requests Processing Time (in ms) ===
13:36:47 (parteklm) (@parteklm-SLOG@) Time: Sun Oct 01 2017 13:36:47 UTC
13:36:47 (parteklm) (@parteklm-SLOG@) Request processing time, when, #concurrent clients, client info (user, node, FD)
13:36:47 (parteklm) (@parteklm-SLOG@) 00000002 ms at 22:42:42(10/1/2017),#7,(luw12,GNELTSU4109TN2,18)
13:36:47 (parteklm) (@parteklm-SLOG@) 00000001 ms at 17:13:57(10/1/2017),#3,(jlfitz,jlfitz-2PG3QN,18)
13:36:47 (parteklm) (@parteklm-SLOG@) 00000001 ms at 18:20:08(10/1/2017),#3,(liul108,liul108-QEG8WL,18)
13:36:47 (parteklm) (@parteklm-SLOG@) 00000001 ms at 18:21:34(10/1/2017),#3,(liul108,liul108-QEG8WL,18)
13:36:47 (parteklm) (@parteklm-SLOG@) 00000001 ms at 18:30:34(10/1/2017),#3,(liul108,liul108-QEG8WL,18)
13:36:47 (parteklm) (@parteklm-SLOG@) 00000001 ms at 18:38:04(10/1/2017),#3,(liul108,liul108-QEG8WL,18)
13:36:47 (parteklm) (@parteklm-SLOG@) 00000001 ms at 18:43:46(10/1/2017),#3,(liul108,liul108-QEG8WL,18)
13:36:47 (parteklm) (@parteklm-SLOG@) 00000001 ms at 18:46:44(10/1/2017),#3,(liul108,liul108-QEG8WL,18)
13:36:47 (parteklm) (@parteklm-SLOG@) 00000001 ms at 19:01:34(10/1/2017),#3,(liul108,liul108-QEG8WL,18)
13:36:47 (parteklm) (@parteklm-SLOG@) 00000001 ms at 19:10:31(10/1/2017),#3,(liul108,liul108-QEG8WL,18)
13:36:47 (parteklm) (@parteklm-SLOG@)
13:36:47 (parteklm) (@parteklm-SLOG@) === Top 10 Peak In-house Operations time (in ms) ===
13:36:47 (parteklm) (@parteklm-SLOG@) NOTE: Peak times greater than 4 seconds get recorded.
13:36:47 (parteklm) (@parteklm-SLOG@) Time: Sun Oct 01 2017 13:36:47 UTC
13:36:47 (parteklm) (@parteklm-SLOG@) In-house operation time, when, #concurrent clients
13:36:47 (parteklm) (@parteklm-SLOG@)
13:36:47 (parteklm) (@parteklm-SLOG@) === Active Connections Info ===
13:36:47 (parteklm) (@parteklm-SLOG@) Peak active connections #10 attempted at Thu Sep 28 2017 21:48:12 UTC
13:36:47 (parteklm) (@parteklm-SLOG@)
13:36:47 (parteklm) (@parteklm-SLOG@) ===============================================
17:34:49 (parteklm) TIMESTAMP 10/1/2017
17:36:51 (parteklm) (@parteklm-SLOG@) ===============================================
17:36:51 (parteklm) (@parteklm-SLOG@) === Last 10 Client Requests Processing Time (in ms) ===
17:36:51 (parteklm) (@parteklm-SLOG@) Time: Sun Oct 01 2017 17:36:51 UTC
17:36:51 (parteklm) (@parteklm-SLOG@) Request processing time, when, #concurrent clients, client info (user, node, FD)
17:36:51 (parteklm) (@parteklm-SLOG@) 00000000 ms at 17:36:26(10/1/2017),#3,(lus14,GNELTSG51525RB,18)
17:36:51 (parteklm) (@parteklm-SLOG@) 00000000 ms at 17:35:39(10/1/2017),#3,(lus14,GNELTSG51525RB,18)
17:36:51 (parteklm) (@parteklm-SLOG@) 00000000 ms at 17:34:56(10/1/2017),#3,(lus14,GNELTSG51525RB,18)
17:36:51 (parteklm) (@parteklm-SLOG@) 00000000 ms at 17:34:09(10/1/2017),#3,(lus14,GNELTSG51525RB,18)
17:36:51 (parteklm) (@parteklm-SLOG@) 00000000 ms at 17:33:26(10/1/2017),#3,(lus14,GNELTSG51525RB,18)
17:36:51 (parteklm) (@parteklm-SLOG@) 00000000 ms at 17:32:39(10/1/2017),#3,(lus14,GNELTSG51525RB,18)
17:36:51 (parteklm) (@parteklm-SLOG@) 00000000 ms at 17:31:56(10/1/2017),#3,(lus14,GNELTSG51525RB,18)
17:36:51 (parteklm) (@parteklm-SLOG@) 00000000 ms at 17:31:09(10/1/2017),#3,(lus14,GNELTSG51525RB,18)
17:36:51 (parteklm) (@parteklm-SLOG@) 00000000 ms at 17:30:26(10/1/2017),#3,(lus14,GNELTSG51525RB,18)
17:36:51 (parteklm) (@parteklm-SLOG@) 00000001 ms at 17:29:39(10/1/2017),#3,(lus14,GNELTSG51525RB,18)
17:36:51 (parteklm) (@parteklm-SLOG@)
17:36:51 (parteklm) (@parteklm-SLOG@) === Top 10 Peak Client Requests Processing Time (in ms) ===
17:36:51 (parteklm) (@parteklm-SLOG@) Time: Sun Oct 01 2017 17:36:51 UTC
17:36:51 (parteklm) (@parteklm-SLOG@) Request processing time, when, #concurrent clients, client info (user, node, FD)
17:36:51 (parteklm) (@parteklm-SLOG@) 00000002 ms at 22:42:42(10/1/2017),#7,(luw12,GNELTSU4109TN2,18)
17:36:51 (parteklm) (@parteklm-SLOG@) 00000001 ms at 17:13:57(10/1/2017),#3,(jlfitz,jlfitz-2PG3QN,18)
17:36:51 (parteklm) (@parteklm-SLOG@) 00000001 ms at 18:20:08(10/1/2017),#3,(liul108,liul108-QEG8WL,18)
17:36:51 (parteklm) (@parteklm-SLOG@) 00000001 ms at 18:21:34(10/1/2017),#3,(liul108,liul108-QEG8WL,18)
17:36:51 (parteklm) (@parteklm-SLOG@) 00000001 ms at 18:30:34(10/1/2017),#3,(liul108,liul108-QEG8WL,18)
17:36:51 (parteklm) (@parteklm-SLOG@) 00000001 ms at 18:38:04(10/1/2017),#3,(liul108,liul108-QEG8WL,18)
17:36:51 (parteklm) (@parteklm-SLOG@) 00000001 ms at 18:43:46(10/1/2017),#3,(liul108,liul108-QEG8WL,18)
17:36:51 (parteklm) (@parteklm-SLOG@) 00000001 ms at 18:46:44(10/1/2017),#3,(liul108,liul108-QEG8WL,18)
17:36:51 (parteklm) (@parteklm-SLOG@) 00000001 ms at 19:01:34(10/1/2017),#3,(liul108,liul108-QEG8WL,18)
17:36:51 (parteklm) (@parteklm-SLOG@) 00000001 ms at 19:10:31(10/1/2017),#3,(liul108,liul108-QEG8WL,18)
17:36:51 (parteklm) (@parteklm-SLOG@)
17:36:51 (parteklm) (@parteklm-SLOG@) === Top 10 Peak In-house Operations time (in ms) ===
17:36:51 (parteklm) (@parteklm-SLOG@) NOTE: Peak times greater than 4 seconds get recorded.
17:36:51 (parteklm) (@parteklm-SLOG@) Time: Sun Oct 01 2017 17:36:51 UTC
17:36:51 (parteklm) (@parteklm-SLOG@) In-house operation time, when, #concurrent clients
17:36:51 (parteklm) (@parteklm-SLOG@)
17:36:51 (parteklm) (@parteklm-SLOG@) === Active Connections Info ===
17:36:51 (parteklm) (@parteklm-SLOG@) Peak active connections #10 attempted at Thu Sep 28 2017 21:48:12 UTC
17:36:51 (parteklm) (@parteklm-SLOG@)
17:36:51 (parteklm) (@parteklm-SLOG@) ===============================================
17:58:16 (parteklm) OUT: "base" lus14@GNELTSG51525RB
17:58:16 (parteklm) OUT: "matk" lus14@GNELTSG51525RB
19:33:49 (lmgrd) TIMESTAMP 10/1/2017
19:53:04 (parteklm) IN: "base" lus14@GNELTSG51525RB
19:53:04 (parteklm) IN: "matk" lus14@GNELTSG51525RB
21:36:54 (parteklm) (@parteklm-SLOG@) ===============================================
21:36:54 (parteklm) (@parteklm-SLOG@) === Last 10 Client Requests Processing Time (in ms) ===
21:36:54 (parteklm) (@parteklm-SLOG@) Time: Sun Oct 01 2017 21:36:54 UTC
21:36:54 (parteklm) (@parteklm-SLOG@) Request processing time, when, #concurrent clients, client info (user, node, FD)
21:36:54 (parteklm) (@parteklm-SLOG@) 00000000 ms at 21:35:39(10/1/2017),#3,(lus14,GNELTSG51525RB,19)
21:36:54 (parteklm) (@parteklm-SLOG@) 00000000 ms at 21:34:09(10/1/2017),#3,(lus14,GNELTSG51525RB,19)
21:36:54 (parteklm) (@parteklm-SLOG@) 00000000 ms at 21:32:39(10/1/2017),#3,(lus14,GNELTSG51525RB,19)
21:36:54 (parteklm) (@parteklm-SLOG@) 00000000 ms at 21:31:09(10/1/2017),#3,(lus14,GNELTSG51525RB,19)
21:36:54 (parteklm) (@parteklm-SLOG@) 00000000 ms at 21:29:40(10/1/2017),#3,(lus14,GNELTSG51525RB,19)
21:36:54 (parteklm) (@parteklm-SLOG@) 00000000 ms at 21:28:09(10/1/2017),#3,(lus14,GNELTSG51525RB,19)
21:36:54 (parteklm) (@parteklm-SLOG@) 00000000 ms at 21:26:39(10/1/2017),#3,(lus14,GNELTSG51525RB,19)
21:36:54 (parteklm) (@parteklm-SLOG@) 00000000 ms at 21:25:09(10/1/2017),#3,(lus14,GNELTSG51525RB,19)
21:36:54 (parteklm) (@parteklm-SLOG@) 00000000 ms at 21:23:39(10/1/2017),#3,(lus14,GNELTSG51525RB,19)
21:36:54 (parteklm) (@parteklm-SLOG@) 00000000 ms at 21:22:09(10/1/2017),#3,(lus14,GNELTSG51525RB,19)
21:36:54 (parteklm) (@parteklm-SLOG@)
21:36:54 (parteklm) (@parteklm-SLOG@) === Top 10 Peak Client Requests Processing Time (in ms) ===
21:36:54 (parteklm) (@parteklm-SLOG@) Time: Sun Oct 01 2017 21:36:54 UTC
21:36:54 (parteklm) (@parteklm-SLOG@) Request processing time, when, #concurrent clients, client info (user, node, FD)
21:36:54 (parteklm) (@parteklm-SLOG@) 00000002 ms at 22:42:42(10/1/2017),#7,(luw12,GNELTSU4109TN2,18)
21:36:54 (parteklm) (@parteklm-SLOG@) 00000001 ms at 17:13:57(10/1/2017),#3,(jlfitz,jlfitz-2PG3QN,18)
21:36:54 (parteklm) (@parteklm-SLOG@) 00000001 ms at 18:20:08(10/1/2017),#3,(liul108,liul108-QEG8WL,18)
21:36:54 (parteklm) (@parteklm-SLOG@) 00000001 ms at 18:21:34(10/1/2017),#3,(liul108,liul108-QEG8WL,18)
21:36:54 (parteklm) (@parteklm-SLOG@) 00000001 ms at 18:30:34(10/1/2017),#3,(liul108,liul108-QEG8WL,18)
21:36:54 (parteklm) (@parteklm-SLOG@) 00000001 ms at 18:38:04(10/1/2017),#3,(liul108,liul108-QEG8WL,18)
21:36:54 (parteklm) (@parteklm-SLOG@) 00000001 ms at 18:43:46(10/1/2017),#3,(liul108,liul108-QEG8WL,18)
21:36:54 (parteklm) (@parteklm-SLOG@) 00000001 ms at 18:46:44(10/1/2017),#3,(liul108,liul108-QEG8WL,18)
21:36:54 (parteklm) (@parteklm-SLOG@) 00000001 ms at 19:01:34(10/1/2017),#3,(liul108,liul108-QEG8WL,18)
21:36:54 (parteklm) (@parteklm-SLOG@) 00000001 ms at 19:10:31(10/1/2017),#3,(liul108,liul108-QEG8WL,18)
21:36:54 (parteklm) (@parteklm-SLOG@)
21:36:54 (parteklm) (@parteklm-SLOG@) === Top 10 Peak In-house Operations time (in ms) ===
21:36:54 (parteklm) (@parteklm-SLOG@) NOTE: Peak times greater than 4 seconds get recorded.
21:36:54 (parteklm) (@parteklm-SLOG@) Time: Sun Oct 01 2017 21:36:54 UTC
21:36:54 (parteklm) (@parteklm-SLOG@) In-house operation time, when, #concurrent clients
21:36:54 (parteklm) (@parteklm-SLOG@)
21:36:54 (parteklm) (@parteklm-SLOG@) === Active Connections Info ===
21:36:54 (parteklm) (@parteklm-SLOG@) Peak active connections #10 attempted at Thu Sep 28 2017 21:48:12 UTC
21:36:54 (parteklm) (@parteklm-SLOG@)
21:36:54 (parteklm) (@parteklm-SLOG@) ===============================================
23:39:50 (parteklm) TIMESTAMP 10/1/2017
 1:33:49 (lmgrd) TIMESTAMP 10/2/2017
 1:36:56 (parteklm) (@parteklm-SLOG@) ===============================================
 1:36:56 (parteklm) (@parteklm-SLOG@) === Last 10 Client Requests Processing Time (in ms) ===
 1:36:56 (parteklm) (@parteklm-SLOG@) Time: Mon Oct 02 2017 01:36:56 UTC
 1:36:56 (parteklm) (@parteklm-SLOG@) Request processing time, when, #concurrent clients, client info (user, node, FD)
 1:36:56 (parteklm) (@parteklm-SLOG@) 00000000 ms at  1:35:40(10/2/2017),#3,(lus14,GNELTSG51525RB,19)
 1:36:56 (parteklm) (@parteklm-SLOG@) 00000000 ms at  1:34:10(10/2/2017),#3,(lus14,GNELTSG51525RB,19)
 1:36:56 (parteklm) (@parteklm-SLOG@) 00000000 ms at  1:32:40(10/2/2017),#3,(lus14,GNELTSG51525RB,19)
 1:36:56 (parteklm) (@parteklm-SLOG@) 00000000 ms at  1:31:10(10/2/2017),#3,(lus14,GNELTSG51525RB,19)
 1:36:56 (parteklm) (@parteklm-SLOG@) 00000000 ms at  1:29:40(10/2/2017),#3,(lus14,GNELTSG51525RB,19)
 1:36:56 (parteklm) (@parteklm-SLOG@) 00000000 ms at  1:28:10(10/2/2017),#3,(lus14,GNELTSG51525RB,19)
 1:36:56 (parteklm) (@parteklm-SLOG@) 00000000 ms at  1:26:40(10/2/2017),#3,(lus14,GNELTSG51525RB,19)
 1:36:56 (parteklm) (@parteklm-SLOG@) 00000000 ms at  1:25:10(10/2/2017),#3,(lus14,GNELTSG51525RB,19)
 1:36:56 (parteklm) (@parteklm-SLOG@) 00000000 ms at  1:23:40(10/2/2017),#3,(lus14,GNELTSG51525RB,19)
 1:36:56 (parteklm) (@parteklm-SLOG@) 00000000 ms at  1:22:10(10/2/2017),#3,(lus14,GNELTSG51525RB,19)
 1:36:56 (parteklm) (@parteklm-SLOG@)
 1:36:56 (parteklm) (@parteklm-SLOG@) === Top 10 Peak Client Requests Processing Time (in ms) ===
 1:36:56 (parteklm) (@parteklm-SLOG@) Time: Mon Oct 02 2017 01:36:56 UTC
 1:36:56 (parteklm) (@parteklm-SLOG@) Request processing time, when, #concurrent clients, client info (user, node, FD)
 1:36:56 (parteklm) (@parteklm-SLOG@) 00000002 ms at 22:42:42(10/2/2017),#7,(luw12,GNELTSU4109TN2,18)
 1:36:56 (parteklm) (@parteklm-SLOG@) 00000001 ms at 17:13:57(10/2/2017),#3,(jlfitz,jlfitz-2PG3QN,18)
 1:36:56 (parteklm) (@parteklm-SLOG@) 00000001 ms at 18:20:08(10/2/2017),#3,(liul108,liul108-QEG8WL,18)
 1:36:56 (parteklm) (@parteklm-SLOG@) 00000001 ms at 18:21:34(10/2/2017),#3,(liul108,liul108-QEG8WL,18)
 1:36:56 (parteklm) (@parteklm-SLOG@) 00000001 ms at 18:30:34(10/2/2017),#3,(liul108,liul108-QEG8WL,18)
 1:36:56 (parteklm) (@parteklm-SLOG@) 00000001 ms at 18:38:04(10/2/2017),#3,(liul108,liul108-QEG8WL,18)
 1:36:56 (parteklm) (@parteklm-SLOG@) 00000001 ms at 18:43:46(10/2/2017),#3,(liul108,liul108-QEG8WL,18)
 1:36:56 (parteklm) (@parteklm-SLOG@) 00000001 ms at 18:46:44(10/2/2017),#3,(liul108,liul108-QEG8WL,18)
 1:36:56 (parteklm) (@parteklm-SLOG@) 00000001 ms at 19:01:34(10/2/2017),#3,(liul108,liul108-QEG8WL,18)
 1:36:56 (parteklm) (@parteklm-SLOG@) 00000001 ms at 19:10:31(10/2/2017),#3,(liul108,liul108-QEG8WL,18)
 1:36:56 (parteklm) (@parteklm-SLOG@)
 1:36:56 (parteklm) (@parteklm-SLOG@) === Top 10 Peak In-house Operations time (in ms) ===
 1:36:56 (parteklm) (@parteklm-SLOG@) NOTE: Peak times greater than 4 seconds get recorded.
 1:36:56 (parteklm) (@parteklm-SLOG@) Time: Mon Oct 02 2017 01:36:56 UTC
 1:36:56 (parteklm) (@parteklm-SLOG@) In-house operation time, when, #concurrent clients
 1:36:56 (parteklm) (@parteklm-SLOG@)
 1:36:56 (parteklm) (@parteklm-SLOG@) === Active Connections Info ===
 1:36:56 (parteklm) (@parteklm-SLOG@) Peak active connections #10 attempted at Thu Sep 28 2017 21:48:12 UTC
 1:36:56 (parteklm) (@parteklm-SLOG@)
 1:36:56 (parteklm) (@parteklm-SLOG@) ===============================================
 4:09:22 (parteklm) IN: "base" lus14@GNELTSG51525RB
 4:09:22 (parteklm) IN: "matk" lus14@GNELTSG51525RB
 5:36:57 (parteklm) (@parteklm-SLOG@) ===============================================
 5:36:57 (parteklm) (@parteklm-SLOG@) === Last 10 Client Requests Processing Time (in ms) ===
 5:36:57 (parteklm) (@parteklm-SLOG@) Time: Mon Oct 02 2017 05:36:57 UTC
 5:36:57 (parteklm) (@parteklm-SLOG@) Request processing time, when, #concurrent clients, client info (user, node, FD)
 5:36:57 (parteklm) (@parteklm-SLOG@) 00000000 ms at  4:08:40(10/2/2017),#3,(lus14,GNELTSG51525RB,19)
 5:36:57 (parteklm) (@parteklm-SLOG@) 00000000 ms at  4:07:10(10/2/2017),#3,(lus14,GNELTSG51525RB,19)
 5:36:57 (parteklm) (@parteklm-SLOG@) 00000000 ms at  4:05:40(10/2/2017),#3,(lus14,GNELTSG51525RB,19)
 5:36:57 (parteklm) (@parteklm-SLOG@) 00000000 ms at  4:04:10(10/2/2017),#3,(lus14,GNELTSG51525RB,19)
 5:36:57 (parteklm) (@parteklm-SLOG@) 00000000 ms at  4:02:40(10/2/2017),#3,(lus14,GNELTSG51525RB,19)
 5:36:57 (parteklm) (@parteklm-SLOG@) 00000000 ms at  4:01:10(10/2/2017),#3,(lus14,GNELTSG51525RB,19)
 5:36:57 (parteklm) (@parteklm-SLOG@) 00000000 ms at  3:59:40(10/2/2017),#3,(lus14,GNELTSG51525RB,19)
 5:36:57 (parteklm) (@parteklm-SLOG@) 00000000 ms at  3:58:11(10/2/2017),#3,(lus14,GNELTSG51525RB,19)
 5:36:57 (parteklm) (@parteklm-SLOG@) 00000000 ms at  3:56:41(10/2/2017),#3,(lus14,GNELTSG51525RB,19)
 5:36:57 (parteklm) (@parteklm-SLOG@) 00000000 ms at  3:55:10(10/2/2017),#3,(lus14,GNELTSG51525RB,19)
 5:36:57 (parteklm) (@parteklm-SLOG@)
 5:36:57 (parteklm) (@parteklm-SLOG@) === Top 10 Peak Client Requests Processing Time (in ms) ===
 5:36:57 (parteklm) (@parteklm-SLOG@) Time: Mon Oct 02 2017 05:36:57 UTC
 5:36:57 (parteklm) (@parteklm-SLOG@) Request processing time, when, #concurrent clients, client info (user, node, FD)
 5:36:57 (parteklm) (@parteklm-SLOG@) 00000002 ms at 22:42:42(10/2/2017),#7,(luw12,GNELTSU4109TN2,18)
 5:36:57 (parteklm) (@parteklm-SLOG@) 00000001 ms at 17:13:57(10/2/2017),#3,(jlfitz,jlfitz-2PG3QN,18)
 5:36:57 (parteklm) (@parteklm-SLOG@) 00000001 ms at 18:20:08(10/2/2017),#3,(liul108,liul108-QEG8WL,18)
 5:36:57 (parteklm) (@parteklm-SLOG@) 00000001 ms at 18:21:34(10/2/2017),#3,(liul108,liul108-QEG8WL,18)
 5:36:57 (parteklm) (@parteklm-SLOG@) 00000001 ms at 18:30:34(10/2/2017),#3,(liul108,liul108-QEG8WL,18)
 5:36:57 (parteklm) (@parteklm-SLOG@) 00000001 ms at 18:38:04(10/2/2017),#3,(liul108,liul108-QEG8WL,18)
 5:36:57 (parteklm) (@parteklm-SLOG@) 00000001 ms at 18:43:46(10/2/2017),#3,(liul108,liul108-QEG8WL,18)
 5:36:57 (parteklm) (@parteklm-SLOG@) 00000001 ms at 18:46:44(10/2/2017),#3,(liul108,liul108-QEG8WL,18)
 5:36:57 (parteklm) (@parteklm-SLOG@) 00000001 ms at 19:01:34(10/2/2017),#3,(liul108,liul108-QEG8WL,18)
 5:36:57 (parteklm) (@parteklm-SLOG@) 00000001 ms at 19:10:31(10/2/2017),#3,(liul108,liul108-QEG8WL,18)
 5:36:57 (parteklm) (@parteklm-SLOG@)
 5:36:57 (parteklm) (@parteklm-SLOG@) === Top 10 Peak In-house Operations time (in ms) ===
 5:36:57 (parteklm) (@parteklm-SLOG@) NOTE: Peak times greater than 4 seconds get recorded.
 5:36:57 (parteklm) (@parteklm-SLOG@) Time: Mon Oct 02 2017 05:36:57 UTC
 5:36:57 (parteklm) (@parteklm-SLOG@) In-house operation time, when, #concurrent clients
 5:36:57 (parteklm) (@parteklm-SLOG@)
 5:36:57 (parteklm) (@parteklm-SLOG@) === Active Connections Info ===
 5:36:57 (parteklm) (@parteklm-SLOG@) Peak active connections #10 attempted at Thu Sep 28 2017 21:48:12 UTC
 5:36:57 (parteklm) (@parteklm-SLOG@)
 5:36:57 (parteklm) (@parteklm-SLOG@) ===============================================
 5:44:52 (parteklm) TIMESTAMP 10/2/2017
 7:33:49 (lmgrd) TIMESTAMP 10/2/2017
 9:37:00 (parteklm) (@parteklm-SLOG@) ===============================================
 9:37:00 (parteklm) (@parteklm-SLOG@) === Last 10 Client Requests Processing Time (in ms) ===
 9:37:00 (parteklm) (@parteklm-SLOG@) Time: Mon Oct 02 2017 09:37:00 UTC
 9:37:00 (parteklm) (@parteklm-SLOG@) Request processing time, when, #concurrent clients, client info (user, node, FD)
 9:37:00 (parteklm) (@parteklm-SLOG@) 00000000 ms at  4:08:40(10/2/2017),#3,(lus14,GNELTSG51525RB,19)
 9:37:00 (parteklm) (@parteklm-SLOG@) 00000000 ms at  4:07:10(10/2/2017),#3,(lus14,GNELTSG51525RB,19)
 9:37:00 (parteklm) (@parteklm-SLOG@) 00000000 ms at  4:05:40(10/2/2017),#3,(lus14,GNELTSG51525RB,19)
 9:37:00 (parteklm) (@parteklm-SLOG@) 00000000 ms at  4:04:10(10/2/2017),#3,(lus14,GNELTSG51525RB,19)
 9:37:00 (parteklm) (@parteklm-SLOG@) 00000000 ms at  4:02:40(10/2/2017),#3,(lus14,GNELTSG51525RB,19)
 9:37:00 (parteklm) (@parteklm-SLOG@) 00000000 ms at  4:01:10(10/2/2017),#3,(lus14,GNELTSG51525RB,19)
 9:37:00 (parteklm) (@parteklm-SLOG@) 00000000 ms at  3:59:40(10/2/2017),#3,(lus14,GNELTSG51525RB,19)
 9:37:00 (parteklm) (@parteklm-SLOG@) 00000000 ms at  3:58:11(10/2/2017),#3,(lus14,GNELTSG51525RB,19)
 9:37:00 (parteklm) (@parteklm-SLOG@) 00000000 ms at  3:56:41(10/2/2017),#3,(lus14,GNELTSG51525RB,19)
 9:37:00 (parteklm) (@parteklm-SLOG@) 00000000 ms at  3:55:10(10/2/2017),#3,(lus14,GNELTSG51525RB,19)
 9:37:00 (parteklm) (@parteklm-SLOG@)
 9:37:00 (parteklm) (@parteklm-SLOG@) === Top 10 Peak Client Requests Processing Time (in ms) ===
 9:37:00 (parteklm) (@parteklm-SLOG@) Time: Mon Oct 02 2017 09:37:00 UTC
 9:37:00 (parteklm) (@parteklm-SLOG@) Request processing time, when, #concurrent clients, client info (user, node, FD)
 9:37:00 (parteklm) (@parteklm-SLOG@) 00000002 ms at 22:42:42(10/2/2017),#7,(luw12,GNELTSU4109TN2,18)
 9:37:00 (parteklm) (@parteklm-SLOG@) 00000001 ms at 17:13:57(10/2/2017),#3,(jlfitz,jlfitz-2PG3QN,18)
 9:37:00 (parteklm) (@parteklm-SLOG@) 00000001 ms at 18:20:08(10/2/2017),#3,(liul108,liul108-QEG8WL,18)
 9:37:00 (parteklm) (@parteklm-SLOG@) 00000001 ms at 18:21:34(10/2/2017),#3,(liul108,liul108-QEG8WL,18)
 9:37:00 (parteklm) (@parteklm-SLOG@) 00000001 ms at 18:30:34(10/2/2017),#3,(liul108,liul108-QEG8WL,18)
 9:37:00 (parteklm) (@parteklm-SLOG@) 00000001 ms at 18:38:04(10/2/2017),#3,(liul108,liul108-QEG8WL,18)
 9:37:00 (parteklm) (@parteklm-SLOG@) 00000001 ms at 18:43:46(10/2/2017),#3,(liul108,liul108-QEG8WL,18)
 9:37:00 (parteklm) (@parteklm-SLOG@) 00000001 ms at 18:46:44(10/2/2017),#3,(liul108,liul108-QEG8WL,18)
 9:37:00 (parteklm) (@parteklm-SLOG@) 00000001 ms at 19:01:34(10/2/2017),#3,(liul108,liul108-QEG8WL,18)
 9:37:00 (parteklm) (@parteklm-SLOG@) 00000001 ms at 19:10:31(10/2/2017),#3,(liul108,liul108-QEG8WL,18)
 9:37:00 (parteklm) (@parteklm-SLOG@)
 9:37:00 (parteklm) (@parteklm-SLOG@) === Top 10 Peak In-house Operations time (in ms) ===
 9:37:00 (parteklm) (@parteklm-SLOG@) NOTE: Peak times greater than 4 seconds get recorded.
 9:37:00 (parteklm) (@parteklm-SLOG@) Time: Mon Oct 02 2017 09:37:00 UTC
 9:37:00 (parteklm) (@parteklm-SLOG@) In-house operation time, when, #concurrent clients
 9:37:00 (parteklm) (@parteklm-SLOG@)
 9:37:00 (parteklm) (@parteklm-SLOG@) === Active Connections Info ===
 9:37:00 (parteklm) (@parteklm-SLOG@) Peak active connections #10 attempted at Thu Sep 28 2017 21:48:12 UTC
 9:37:00 (parteklm) (@parteklm-SLOG@)
 9:37:00 (parteklm) (@parteklm-SLOG@) ===============================================
11:49:53 (parteklm) TIMESTAMP 10/2/2017
13:33:49 (lmgrd) TIMESTAMP 10/2/2017
13:37:04 (parteklm) (@parteklm-SLOG@) ===============================================
13:37:04 (parteklm) (@parteklm-SLOG@) === Last 10 Client Requests Processing Time (in ms) ===
13:37:04 (parteklm) (@parteklm-SLOG@) Time: Mon Oct 02 2017 13:37:04 UTC
13:37:04 (parteklm) (@parteklm-SLOG@) Request processing time, when, #concurrent clients, client info (user, node, FD)
13:37:04 (parteklm) (@parteklm-SLOG@) 00000000 ms at  4:08:40(10/2/2017),#3,(lus14,GNELTSG51525RB,19)
13:37:04 (parteklm) (@parteklm-SLOG@) 00000000 ms at  4:07:10(10/2/2017),#3,(lus14,GNELTSG51525RB,19)
13:37:04 (parteklm) (@parteklm-SLOG@) 00000000 ms at  4:05:40(10/2/2017),#3,(lus14,GNELTSG51525RB,19)
13:37:04 (parteklm) (@parteklm-SLOG@) 00000000 ms at  4:04:10(10/2/2017),#3,(lus14,GNELTSG51525RB,19)
13:37:04 (parteklm) (@parteklm-SLOG@) 00000000 ms at  4:02:40(10/2/2017),#3,(lus14,GNELTSG51525RB,19)
13:37:04 (parteklm) (@parteklm-SLOG@) 00000000 ms at  4:01:10(10/2/2017),#3,(lus14,GNELTSG51525RB,19)
13:37:04 (parteklm) (@parteklm-SLOG@) 00000000 ms at  3:59:40(10/2/2017),#3,(lus14,GNELTSG51525RB,19)
13:37:04 (parteklm) (@parteklm-SLOG@) 00000000 ms at  3:58:11(10/2/2017),#3,(lus14,GNELTSG51525RB,19)
13:37:04 (parteklm) (@parteklm-SLOG@) 00000000 ms at  3:56:41(10/2/2017),#3,(lus14,GNELTSG51525RB,19)
13:37:04 (parteklm) (@parteklm-SLOG@) 00000000 ms at  3:55:10(10/2/2017),#3,(lus14,GNELTSG51525RB,19)
13:37:04 (parteklm) (@parteklm-SLOG@)
13:37:04 (parteklm) (@parteklm-SLOG@) === Top 10 Peak Client Requests Processing Time (in ms) ===
13:37:04 (parteklm) (@parteklm-SLOG@) Time: Mon Oct 02 2017 13:37:04 UTC
13:37:04 (parteklm) (@parteklm-SLOG@) Request processing time, when, #concurrent clients, client info (user, node, FD)
13:37:04 (parteklm) (@parteklm-SLOG@) 00000002 ms at 22:42:42(10/2/2017),#7,(luw12,GNELTSU4109TN2,18)
13:37:04 (parteklm) (@parteklm-SLOG@) 00000001 ms at 17:13:57(10/2/2017),#3,(jlfitz,jlfitz-2PG3QN,18)
13:37:04 (parteklm) (@parteklm-SLOG@) 00000001 ms at 18:20:08(10/2/2017),#3,(liul108,liul108-QEG8WL,18)
13:37:04 (parteklm) (@parteklm-SLOG@) 00000001 ms at 18:21:34(10/2/2017),#3,(liul108,liul108-QEG8WL,18)
13:37:04 (parteklm) (@parteklm-SLOG@) 00000001 ms at 18:30:34(10/2/2017),#3,(liul108,liul108-QEG8WL,18)
13:37:04 (parteklm) (@parteklm-SLOG@) 00000001 ms at 18:38:04(10/2/2017),#3,(liul108,liul108-QEG8WL,18)
13:37:04 (parteklm) (@parteklm-SLOG@) 00000001 ms at 18:43:46(10/2/2017),#3,(liul108,liul108-QEG8WL,18)
13:37:04 (parteklm) (@parteklm-SLOG@) 00000001 ms at 18:46:44(10/2/2017),#3,(liul108,liul108-QEG8WL,18)
13:37:04 (parteklm) (@parteklm-SLOG@) 00000001 ms at 19:01:34(10/2/2017),#3,(liul108,liul108-QEG8WL,18)
13:37:04 (parteklm) (@parteklm-SLOG@) 00000001 ms at 19:10:31(10/2/2017),#3,(liul108,liul108-QEG8WL,18)
13:37:04 (parteklm) (@parteklm-SLOG@)
13:37:04 (parteklm) (@parteklm-SLOG@) === Top 10 Peak In-house Operations time (in ms) ===
13:37:04 (parteklm) (@parteklm-SLOG@) NOTE: Peak times greater than 4 seconds get recorded.
13:37:04 (parteklm) (@parteklm-SLOG@) Time: Mon Oct 02 2017 13:37:04 UTC
13:37:04 (parteklm) (@parteklm-SLOG@) In-house operation time, when, #concurrent clients
13:37:04 (parteklm) (@parteklm-SLOG@)
13:37:04 (parteklm) (@parteklm-SLOG@) === Active Connections Info ===
13:37:04 (parteklm) (@parteklm-SLOG@) Peak active connections #10 attempted at Thu Sep 28 2017 21:48:12 UTC
13:37:04 (parteklm) (@parteklm-SLOG@)
13:37:04 (parteklm) (@parteklm-SLOG@) ===============================================
17:37:08 (parteklm) (@parteklm-SLOG@) ===============================================
17:37:08 (parteklm) (@parteklm-SLOG@) === Last 10 Client Requests Processing Time (in ms) ===
17:37:08 (parteklm) (@parteklm-SLOG@) Time: Mon Oct 02 2017 17:37:08 UTC
17:37:08 (parteklm) (@parteklm-SLOG@) Request processing time, when, #concurrent clients, client info (user, node, FD)
17:37:08 (parteklm) (@parteklm-SLOG@) 00000000 ms at  4:08:40(10/2/2017),#3,(lus14,GNELTSG51525RB,19)
17:37:08 (parteklm) (@parteklm-SLOG@) 00000000 ms at  4:07:10(10/2/2017),#3,(lus14,GNELTSG51525RB,19)
17:37:08 (parteklm) (@parteklm-SLOG@) 00000000 ms at  4:05:40(10/2/2017),#3,(lus14,GNELTSG51525RB,19)
17:37:08 (parteklm) (@parteklm-SLOG@) 00000000 ms at  4:04:10(10/2/2017),#3,(lus14,GNELTSG51525RB,19)
17:37:08 (parteklm) (@parteklm-SLOG@) 00000000 ms at  4:02:40(10/2/2017),#3,(lus14,GNELTSG51525RB,19)
17:37:08 (parteklm) (@parteklm-SLOG@) 00000000 ms at  4:01:10(10/2/2017),#3,(lus14,GNELTSG51525RB,19)
17:37:08 (parteklm) (@parteklm-SLOG@) 00000000 ms at  3:59:40(10/2/2017),#3,(lus14,GNELTSG51525RB,19)
17:37:08 (parteklm) (@parteklm-SLOG@) 00000000 ms at  3:58:11(10/2/2017),#3,(lus14,GNELTSG51525RB,19)
17:37:08 (parteklm) (@parteklm-SLOG@) 00000000 ms at  3:56:41(10/2/2017),#3,(lus14,GNELTSG51525RB,19)
17:37:08 (parteklm) (@parteklm-SLOG@) 00000000 ms at  3:55:10(10/2/2017),#3,(lus14,GNELTSG51525RB,19)
17:37:08 (parteklm) (@parteklm-SLOG@)
17:37:08 (parteklm) (@parteklm-SLOG@) === Top 10 Peak Client Requests Processing Time (in ms) ===
17:37:08 (parteklm) (@parteklm-SLOG@) Time: Mon Oct 02 2017 17:37:08 UTC
17:37:08 (parteklm) (@parteklm-SLOG@) Request processing time, when, #concurrent clients, client info (user, node, FD)
17:37:08 (parteklm) (@parteklm-SLOG@) 00000002 ms at 22:42:42(10/2/2017),#7,(luw12,GNELTSU4109TN2,18)
17:37:08 (parteklm) (@parteklm-SLOG@) 00000001 ms at 17:13:57(10/2/2017),#3,(jlfitz,jlfitz-2PG3QN,18)
17:37:08 (parteklm) (@parteklm-SLOG@) 00000001 ms at 18:20:08(10/2/2017),#3,(liul108,liul108-QEG8WL,18)
17:37:08 (parteklm) (@parteklm-SLOG@) 00000001 ms at 18:21:34(10/2/2017),#3,(liul108,liul108-QEG8WL,18)
17:37:08 (parteklm) (@parteklm-SLOG@) 00000001 ms at 18:30:34(10/2/2017),#3,(liul108,liul108-QEG8WL,18)
17:37:08 (parteklm) (@parteklm-SLOG@) 00000001 ms at 18:38:04(10/2/2017),#3,(liul108,liul108-QEG8WL,18)
17:37:08 (parteklm) (@parteklm-SLOG@) 00000001 ms at 18:43:46(10/2/2017),#3,(liul108,liul108-QEG8WL,18)
17:37:08 (parteklm) (@parteklm-SLOG@) 00000001 ms at 18:46:44(10/2/2017),#3,(liul108,liul108-QEG8WL,18)
17:37:08 (parteklm) (@parteklm-SLOG@) 00000001 ms at 19:01:34(10/2/2017),#3,(liul108,liul108-QEG8WL,18)
17:37:08 (parteklm) (@parteklm-SLOG@) 00000001 ms at 19:10:31(10/2/2017),#3,(liul108,liul108-QEG8WL,18)
17:37:08 (parteklm) (@parteklm-SLOG@)
17:37:08 (parteklm) (@parteklm-SLOG@) === Top 10 Peak In-house Operations time (in ms) ===
17:37:08 (parteklm) (@parteklm-SLOG@) NOTE: Peak times greater than 4 seconds get recorded.
17:37:08 (parteklm) (@parteklm-SLOG@) Time: Mon Oct 02 2017 17:37:08 UTC
17:37:08 (parteklm) (@parteklm-SLOG@) In-house operation time, when, #concurrent clients
17:37:08 (parteklm) (@parteklm-SLOG@)
17:37:08 (parteklm) (@parteklm-SLOG@) === Active Connections Info ===
17:37:08 (parteklm) (@parteklm-SLOG@) Peak active connections #10 attempted at Thu Sep 28 2017 21:48:12 UTC
17:37:08 (parteklm) (@parteklm-SLOG@)
17:37:08 (parteklm) (@parteklm-SLOG@) ===============================================
17:54:54 (parteklm) TIMESTAMP 10/2/2017
19:33:49 (lmgrd) TIMESTAMP 10/2/2017
21:37:11 (parteklm) (@parteklm-SLOG@) ===============================================
21:37:11 (parteklm) (@parteklm-SLOG@) === Last 10 Client Requests Processing Time (in ms) ===
21:37:11 (parteklm) (@parteklm-SLOG@) Time: Mon Oct 02 2017 21:37:11 UTC
21:37:11 (parteklm) (@parteklm-SLOG@) Request processing time, when, #concurrent clients, client info (user, node, FD)
21:37:11 (parteklm) (@parteklm-SLOG@) 00000000 ms at  4:08:40(10/2/2017),#3,(lus14,GNELTSG51525RB,19)
21:37:11 (parteklm) (@parteklm-SLOG@) 00000000 ms at  4:07:10(10/2/2017),#3,(lus14,GNELTSG51525RB,19)
21:37:11 (parteklm) (@parteklm-SLOG@) 00000000 ms at  4:05:40(10/2/2017),#3,(lus14,GNELTSG51525RB,19)
21:37:11 (parteklm) (@parteklm-SLOG@) 00000000 ms at  4:04:10(10/2/2017),#3,(lus14,GNELTSG51525RB,19)
21:37:11 (parteklm) (@parteklm-SLOG@) 00000000 ms at  4:02:40(10/2/2017),#3,(lus14,GNELTSG51525RB,19)
21:37:11 (parteklm) (@parteklm-SLOG@) 00000000 ms at  4:01:10(10/2/2017),#3,(lus14,GNELTSG51525RB,19)
21:37:11 (parteklm) (@parteklm-SLOG@) 00000000 ms at  3:59:40(10/2/2017),#3,(lus14,GNELTSG51525RB,19)
21:37:11 (parteklm) (@parteklm-SLOG@) 00000000 ms at  3:58:11(10/2/2017),#3,(lus14,GNELTSG51525RB,19)
21:37:11 (parteklm) (@parteklm-SLOG@) 00000000 ms at  3:56:41(10/2/2017),#3,(lus14,GNELTSG51525RB,19)
21:37:11 (parteklm) (@parteklm-SLOG@) 00000000 ms at  3:55:10(10/2/2017),#3,(lus14,GNELTSG51525RB,19)
21:37:11 (parteklm) (@parteklm-SLOG@)
21:37:11 (parteklm) (@parteklm-SLOG@) === Top 10 Peak Client Requests Processing Time (in ms) ===
21:37:11 (parteklm) (@parteklm-SLOG@) Time: Mon Oct 02 2017 21:37:11 UTC
21:37:11 (parteklm) (@parteklm-SLOG@) Request processing time, when, #concurrent clients, client info (user, node, FD)
21:37:11 (parteklm) (@parteklm-SLOG@) 00000002 ms at 22:42:42(10/2/2017),#7,(luw12,GNELTSU4109TN2,18)
21:37:11 (parteklm) (@parteklm-SLOG@) 00000001 ms at 17:13:57(10/2/2017),#3,(jlfitz,jlfitz-2PG3QN,18)
21:37:11 (parteklm) (@parteklm-SLOG@) 00000001 ms at 18:20:08(10/2/2017),#3,(liul108,liul108-QEG8WL,18)
21:37:11 (parteklm) (@parteklm-SLOG@) 00000001 ms at 18:21:34(10/2/2017),#3,(liul108,liul108-QEG8WL,18)
21:37:11 (parteklm) (@parteklm-SLOG@) 00000001 ms at 18:30:34(10/2/2017),#3,(liul108,liul108-QEG8WL,18)
21:37:11 (parteklm) (@parteklm-SLOG@) 00000001 ms at 18:38:04(10/2/2017),#3,(liul108,liul108-QEG8WL,18)
21:37:11 (parteklm) (@parteklm-SLOG@) 00000001 ms at 18:43:46(10/2/2017),#3,(liul108,liul108-QEG8WL,18)
21:37:11 (parteklm) (@parteklm-SLOG@) 00000001 ms at 18:46:44(10/2/2017),#3,(liul108,liul108-QEG8WL,18)
21:37:11 (parteklm) (@parteklm-SLOG@) 00000001 ms at 19:01:34(10/2/2017),#3,(liul108,liul108-QEG8WL,18)
21:37:11 (parteklm) (@parteklm-SLOG@) 00000001 ms at 19:10:31(10/2/2017),#3,(liul108,liul108-QEG8WL,18)
21:37:11 (parteklm) (@parteklm-SLOG@)
21:37:11 (parteklm) (@parteklm-SLOG@) === Top 10 Peak In-house Operations time (in ms) ===
21:37:11 (parteklm) (@parteklm-SLOG@) NOTE: Peak times greater than 4 seconds get recorded.
21:37:11 (parteklm) (@parteklm-SLOG@) Time: Mon Oct 02 2017 21:37:11 UTC
21:37:11 (parteklm) (@parteklm-SLOG@) In-house operation time, when, #concurrent clients
21:37:11 (parteklm) (@parteklm-SLOG@)
21:37:11 (parteklm) (@parteklm-SLOG@) === Active Connections Info ===
21:37:11 (parteklm) (@parteklm-SLOG@) Peak active connections #10 attempted at Thu Sep 28 2017 21:48:12 UTC
21:37:11 (parteklm) (@parteklm-SLOG@)
21:37:11 (parteklm) (@parteklm-SLOG@) ===============================================
23:59:54 (parteklm) TIMESTAMP 10/2/2017